INFO     Reading in test file /home/normal/checkout/gpuocelot/tests-ptx-2.1/cuda2.3/regression/tests.txt
INFO      Found the following tests:
INFO       /home/normal/checkout/gpuocelot/tests-ptx-2.1/cuda2.3/3DFD
INFO       /home/normal/checkout/gpuocelot/tests-ptx-2.1/cuda2.3/SortingNetwork
INFO       /home/normal/checkout/gpuocelot/tests-ptx-2.1/cuda2.3/vectorAdd
INFO       /home/normal/checkout/gpuocelot/tests-ptx-2.1/cuda2.3/worleyTestExternalSharedMemory
INFO       /home/normal/checkout/gpuocelot/tests-ptx-2.1/cuda2.3/TestAtomics
INFO       /home/normal/checkout/gpuocelot/tests-ptx-2.1/cuda2.3/TestMemoryAccesses
INFO       /home/normal/checkout/gpuocelot/tests-ptx-2.1/cuda2.3/TestSpecialFunctions
INFO       /home/normal/checkout/gpuocelot/tests-ptx-2.1/cuda2.3/TestInstructionThroughput
INFO       /home/normal/checkout/gpuocelot/tests-ptx-2.1/cuda2.3/TestThrustArbitraryTransform
INFO       /home/normal/checkout/gpuocelot/tests-ptx-2.1/cuda2.3/TestThrustBasicVector
INFO       /home/normal/checkout/gpuocelot/tests-ptx-2.1/cuda2.3/TestThrustBoundingBox
INFO       /home/normal/checkout/gpuocelot/tests-ptx-2.1/cuda2.3/TestThrustBucketSort2D
INFO       /home/normal/checkout/gpuocelot/tests-ptx-2.1/cuda2.3/TestThrustConstantIterator
INFO       /home/normal/checkout/gpuocelot/tests-ptx-2.1/cuda2.3/TestThrustCountingIterator
INFO       /home/normal/checkout/gpuocelot/tests-ptx-2.1/cuda2.3/TestThrustZipDot
INFO       /home/normal/checkout/gpuocelot/tests-ptx-2.1/cuda2.3/TestThrustFillCopy
INFO       /home/normal/checkout/gpuocelot/tests-ptx-2.1/cuda2.3/TestThrustHistogram
INFO       /home/normal/checkout/gpuocelot/tests-ptx-2.1/cuda2.3/TestThrustMaxAbsDiff
INFO       /home/normal/checkout/gpuocelot/tests-ptx-2.1/cuda2.3/TestThrustMinMax
INFO       /home/normal/checkout/gpuocelot/tests-ptx-2.1/cuda2.3/TestThrustMode
INFO       /home/normal/checkout/gpuocelot/tests-ptx-2.1/cuda2.3/TestThrustNorm
INFO       /home/normal/checkout/gpuocelot/tests-ptx-2.1/cuda2.3/TestThrustPaddedGridReduction
INFO       /home/normal/checkout/gpuocelot/tests-ptx-2.1/cuda2.3/TestThrustSaxpy
INFO       /home/normal/checkout/gpuocelot/tests-ptx-2.1/cuda2.3/TestThrustSort
INFO       /home/normal/checkout/gpuocelot/tests-ptx-2.1/cuda2.3/TestThrustAOSSorting
INFO       /home/normal/checkout/gpuocelot/tests-ptx-2.1/cuda2.3/TestThrustStreamCompact
INFO       /home/normal/checkout/gpuocelot/tests-ptx-2.1/cuda2.3/TestThrustSum
INFO       /home/normal/checkout/gpuocelot/tests-ptx-2.1/cuda2.3/TestThrustTransformIterator
INFO       /home/normal/checkout/gpuocelot/tests-ptx-2.1/cuda2.3/TestThrustWrapPointer
INFO       /home/normal/checkout/gpuocelot/tests-ptx-2.1/cuda2.3/TestThrustUnwrapPointer
INFO     ==== INDIVIDUAL TEST RESULTS ====

INFO     Running test program /home/normal/checkout/gpuocelot/tests-ptx-2.1/cuda2.3/TestThrustBoundingBox 
INFO     Running test program /home/normal/checkout/gpuocelot/tests-ptx-2.1/cuda2.3/TestSpecialFunctions 
INFO     Test /home/normal/checkout/gpuocelot/tests-ptx-2.1/cuda2.3/TestThrustBoundingBox
INFO     Test completed in 4.09023284912 seconds
INFO      It produced the following output:
bounding box (0.020023,0.0163006) (0.972775,0.998924)
TEST PASSED

INFO     Running test program /home/normal/checkout/gpuocelot/tests-ptx-2.1/cuda2.3/TestThrustArbitraryTransform 
INFO     Test /home/normal/checkout/gpuocelot/tests-ptx-2.1/cuda2.3/TestThrustArbitraryTransform
INFO     Test completed in 0.592801094055 seconds
INFO      It produced the following output:
3 + 6 * 2 = 15
4 + 7 * 5 = 39
0 + 2 * 7 = 14
8 + 1 * 4 = 12
2 + 8 * 3 = 26
TEST PASSED

INFO     Running test program /home/normal/checkout/gpuocelot/tests-ptx-2.1/cuda2.3/TestThrustMode 
INFO     Test /home/normal/checkout/gpuocelot/tests-ptx-2.1/cuda2.3/TestSpecialFunctions
INFO     Test completed in 6.61612415314 seconds
INFO      It produced the following output:
Pass/Fail : Pass


Name : TestSpecialFunctions

Description: Benchmark for special function and texture throughput.


Test Seed : 1295892352
Test time : 6.45364

Status : Test RCP (640000 operations):
 RCP throughput: 1.21344e+06 ops/s
Test SQRT (640000 operations):
 SQRT throughput: 633868 ops/s
Test RSQRT (640000 operations):
 RSQRT throughput: 599614 ops/s
Test SIN (640000 operations):
 SIN throughput: 760239 ops/s
Test COS (640000 operations):
 COS throughput: 786915 ops/s
Test LG2 (640000 operations):
 LG2 throughput: 475928 ops/s
Test EX2 (640000 operations):
 EX2 throughput: 756759 ops/s



INFO     Running test program /home/normal/checkout/gpuocelot/tests-ptx-2.1/cuda2.3/TestThrustHistogram 
INFO     Test /home/normal/checkout/gpuocelot/tests-ptx-2.1/cuda2.3/TestThrustMode
INFO     Test completed in 20.3867988586 seconds
INFO      It produced the following output:
initial data
3 6 7 5 3 5 6 2 9 1 2 7 0 9 3 6 0 6 2 6 1 8 7 9 2 0 2 3 7 5 

INFO     Running test program /home/normal/checkout/gpuocelot/tests-ptx-2.1/cuda2.3/TestInstructionThroughput 
INFO     Test /home/normal/checkout/gpuocelot/tests-ptx-2.1/cuda2.3/TestThrustHistogram
INFO     Test completed in 19.0220398903 seconds
INFO      It produced the following output:
initial data
3 6 7 5 3 5 6 2 9 1 2 7 0 9 3 6 0 6 2 6 1 8 7 9 2 0 2 3 7 5 

INFO     Running test program /home/normal/checkout/gpuocelot/tests-ptx-2.1/cuda2.3/TestThrustCountingIterator 
INFO     Test /home/normal/checkout/gpuocelot/tests-ptx-2.1/cuda2.3/TestInstructionThroughput
INFO     Test completed in 1.31436681747 seconds
INFO      It produced the following output:
Pass/Fail : Pass


Name : TestInstructionThroughput

Description: A benchmark for PTX Instruction Throughput.


Test Seed : 1295892378
Test time : 0.573377

Status : u64 Operations/sec 2.91565e+06 seconds. 
u32 Operations/sec 6.32039e+06 seconds. 
f32 Operations/sec 9.39175e+06 seconds. 



INFO     Running test program /home/normal/checkout/gpuocelot/tests-ptx-2.1/cuda2.3/TestThrustPaddedGridReduction 
INFO     Test /home/normal/checkout/gpuocelot/tests-ptx-2.1/cuda2.3/TestThrustPaddedGridReduction
INFO     Test completed in 8.22531795502 seconds
INFO      It produced the following output:
padded grid
  9383    886   2777   6915   7793   8335   5386    492   6649   1421   2362   9999   9999   9999   9999   9999 
    27   8690     59   7763   3926    540   3426   9172   5736   5211   5368   9999   9999   9999   9999   9999 
  2567   6429   5782   1530   2862   5123   4067   3135   3929   9802   4022   9999   9999   9999   9999   9999 
  3058   3069   8167   1393   8456   5011   8042   6229   7373   4421   4919   9999   9999   9999   9999   9999 
  3784   8537   5198   4324   8315   4370   6413   3526   6091   8980   9956   9999   9999   9999   9999   9999 
  1873   6862   9170   6996   7281   2305    925   7084   6327    336   6505   9999   9999   9999   9999   9999 
   846   1729   1313   5857   6124   3895   9582    545   8814   3367   5434   9999   9999   9999   9999   9999 
   364   4043   3750   1087   6808   7276   7178   5788   3584   5403   2651   9999   9999   9999   9999   9999 
  2754   2399   9932   5060   9676   3368   7739     12   6226   8586   8094   9999   9999   9999   9999   9999 
  7539    795    570   1434    378   7467   6601     97   2902   3317    492   9999   9999   9999   9999   9999 

minimum value: 12
maximum value: 9999
TEST PASSED

INFO     Running test program /home/normal/checkout/gpuocelot/tests-ptx-2.1/cuda2.3/TestThrustUnwrapPointer 
INFO     Test /home/normal/checkout/gpuocelot/tests-ptx-2.1/cuda2.3/TestThrustUnwrapPointer
INFO     Test completed in 0.421684980392 seconds
INFO      It produced the following output:
TEST PASSED

INFO     Running test program /home/normal/checkout/gpuocelot/tests-ptx-2.1/cuda2.3/TestMemoryAccesses 
INFO     Test /home/normal/checkout/gpuocelot/tests-ptx-2.1/cuda2.3/TestMemoryAccesses
INFO     Test completed in 0.357395172119 seconds
INFO      It produced the following output:
Pass/Fail : Pass


Name : TestMemoryAccesses

Description: A benchmark for PTX memory operations.


Test Seed : 1295892387
Test time : 0.225204

Status : Strided copy test (0.000931323 GB):
 time: 0.131157s
 strided bandwidth: 0.00710081 GB/s
Linear copy test (0.000931323 GB):
 time: 0.0858064s
 linear bandwidth: 0.0108538 GB/s



INFO     Running test program /home/normal/checkout/gpuocelot/tests-ptx-2.1/cuda2.3/TestThrustConstantIterator 
INFO     Test /home/normal/checkout/gpuocelot/tests-ptx-2.1/cuda2.3/TestThrustConstantIterator
INFO     Test completed in 0.909994125366 seconds
INFO      It produced the following output:
13
17
12
15
TEST PASSED

INFO     Running test program /home/normal/checkout/gpuocelot/tests-ptx-2.1/cuda2.3/worleyTestExternalSharedMemory 
INFO     Test /home/normal/checkout/gpuocelot/tests-ptx-2.1/cuda2.3/worleyTestExternalSharedMemory
INFO     Test completed in 0.240201950073 seconds
INFO      It produced the following output:
TEST PASSED

INFO     Running test program /home/normal/checkout/gpuocelot/tests-ptx-2.1/cuda2.3/TestThrustAOSSorting 
INFO     Test /home/normal/checkout/gpuocelot/tests-ptx-2.1/cuda2.3/TestThrustCountingIterator
INFO     Test completed in 27.8007969856 seconds
INFO      It produced the following output:
found 4 nonzero values at indices:
1
2
5
7
TEST PASSED

INFO     Running test program /home/normal/checkout/gpuocelot/tests-ptx-2.1/cuda2.3/TestThrustZipDot 
INFO     Test /home/normal/checkout/gpuocelot/tests-ptx-2.1/cuda2.3/TestThrustZipDot
INFO     Test completed in 0.823306083679 seconds
INFO      It produced the following output:
(0.840188,0.45724,0.0860517) * (0.0587587,0.456151,0.322409) = 0.285683
(0.394383,0.640368,0.180886) * (0.0138811,0.24875,0.0221609) = 0.168775
(0.783099,0.717092,0.426423) * (0.622212,0.0699601,0.234811) = 0.63755
(0.79844,0.460067,0.0470658) * (0.0391351,0.742097,0.354747) = 0.389358
TEST PASSED

INFO     Running test program /home/normal/checkout/gpuocelot/tests-ptx-2.1/cuda2.3/TestThrustNorm 
INFO     Test /home/normal/checkout/gpuocelot/tests-ptx-2.1/cuda2.3/TestThrustNorm
INFO     Test completed in 2.20809412003 seconds
INFO      It produced the following output:
norm is 5.47723
TEST PASSED

INFO     Running test program /home/normal/checkout/gpuocelot/tests-ptx-2.1/cuda2.3/TestThrustSaxpy 
INFO     Test /home/normal/checkout/gpuocelot/tests-ptx-2.1/cuda2.3/TestThrustSaxpy
INFO     Test completed in 0.84793806076 seconds
INFO      It produced the following output:
TEST PASSED

INFO     Running test program /home/normal/checkout/gpuocelot/tests-ptx-2.1/cuda2.3/vectorAdd 
INFO     Test /home/normal/checkout/gpuocelot/tests-ptx-2.1/cuda2.3/vectorAdd
INFO     Test completed in 0.324105978012 seconds
INFO      It produced the following output:
Vector addition
Test PASSED 

Press ENTER to exit...

INFO     Running test program /home/normal/checkout/gpuocelot/tests-ptx-2.1/cuda2.3/TestThrustWrapPointer 
INFO     Test /home/normal/checkout/gpuocelot/tests-ptx-2.1/cuda2.3/TestThrustWrapPointer
INFO     Test completed in 0.359107017517 seconds
INFO      It produced the following output:
TEST PASSED

INFO     Running test program /home/normal/checkout/gpuocelot/tests-ptx-2.1/cuda2.3/TestThrustFillCopy 
INFO     Test /home/normal/checkout/gpuocelot/tests-ptx-2.1/cuda2.3/TestThrustFillCopy
INFO     Test completed in 0.498654127121 seconds
INFO      It produced the following output:
D[0] = 0
D[1] = 1
D[2] = 2
D[3] = 3
D[4] = 4
D[5] = 9
D[6] = 9
D[7] = 1
D[8] = 1
D[9] = 1
TEST PASSED

INFO     Running test program /home/normal/checkout/gpuocelot/tests-ptx-2.1/cuda2.3/TestThrustStreamCompact 
INFO     Test /home/normal/checkout/gpuocelot/tests-ptx-2.1/cuda2.3/TestThrustAOSSorting
INFO     Test completed in 44.6736738682 seconds
INFO      It produced the following output:
AoS sort took 24387.8 milliseconds

INFO     Running test program /home/normal/checkout/gpuocelot/tests-ptx-2.1/cuda2.3/TestThrustBasicVector 
INFO     Test /home/normal/checkout/gpuocelot/tests-ptx-2.1/cuda2.3/TestThrustBasicVector
INFO     Test completed in 0.194134950638 seconds
INFO      It produced the following output:
H has size 4
H[0] = 14
H[1] = 20
H[2] = 38
H[3] = 46
H now has size 2
D[0] = 99
D[1] = 88
TEST PASSED

INFO     Running test program /home/normal/checkout/gpuocelot/tests-ptx-2.1/cuda2.3/TestThrustBucketSort2D 
INFO     Test /home/normal/checkout/gpuocelot/tests-ptx-2.1/cuda2.3/TestThrustStreamCompact
INFO     Test completed in 37.0284318924 seconds
INFO      It produced the following output:
values: 0 1 2 3 4 5 6 7 8 9 
output: 1 3 5 7 9 
small_output: 1 3 5 7 9 
values: 0 2 4 6 8 
TEST PASSED

INFO     Running test program /home/normal/checkout/gpuocelot/tests-ptx-2.1/cuda2.3/TestThrustMinMax 
INFO     Test /home/normal/checkout/gpuocelot/tests-ptx-2.1/cuda2.3/TestThrustMinMax
INFO     Test completed in 2.69859814644 seconds
INFO      It produced the following output:
-4
7
TEST PASSED

INFO     Running test program /home/normal/checkout/gpuocelot/tests-ptx-2.1/cuda2.3/TestAtomics 
INFO     Test /home/normal/checkout/gpuocelot/tests-ptx-2.1/cuda2.3/TestThrustBucketSort2D
INFO     Test completed in 17.3406529427 seconds
INFO      It produced the following output:
==Ocelot== Ocelot Multicore CPU Backend (LLVM-JIT) failed to run kernel "_ZN6thrust6detail6device4cuda6detail4b40c17ScanScatterDigitsIjjLi0ELi4ELi0ENS4_20PreprocessKeyFunctorIjEENS4_10NopFunctorIjEEEEvPbPiPT_SD_PT0_SF_NS4_16CtaDecompositionE" with exception: 
==Ocelot== LLVM Parser failed: _ZN6thrust6detail6device4cuda6detail4b40c17ScanScatterDigitsIjjLi0ELi4ELi0ENS4_20PreprocessKeyFunctorIjEENS4_10NopFunctorIjEEEEvPbPiPT_SD_PT0_SF_NS4_16CtaDecompositionE_split_9: <string>:140:18: error: '@__ocelot_vote' defined with type 'i1 (i1, i32, i1)*'
==Ocelot== 	%r20 = call i32 @__ocelot_vote(i1 %r19, i32 3, i1 0);
==Ocelot== 	                ^
==Ocelot== 
terminate called after throwing an instance of 'hydrazine::Exception'
  what():  LLVM Parser failed: _ZN6thrust6detail6device4cuda6detail4b40c17ScanScatterDigitsIjjLi0ELi4ELi0ENS4_20PreprocessKeyFunctorIjEENS4_10NopFunctorIjEEEEvPbPiPT_SD_PT0_SF_NS4_16CtaDecompositionE_split_9: <string>:140:18: error: '@__ocelot_vote' defined with type 'i1 (i1, i32, i1)*'
	%r20 = call i32 @__ocelot_vote(i1 %r19, i32 3, i1 0);
	                ^


INFO     Running test program /home/normal/checkout/gpuocelot/tests-ptx-2.1/cuda2.3/3DFD 
INFO     Test /home/normal/checkout/gpuocelot/tests-ptx-2.1/cuda2.3/3DFD
INFO     Test completed in 1.8870267868 seconds
INFO      It produced the following output:
3DFD running on: Ocelot Multicore CPU Backend (LLVM-JIT)
Total GPU Memory: 523.3633 MB
48x48x40
allocated 0.7 MB on device
(3,3)x(16,16) grid
-------------------------------
time:        1689.68 ms
throughput:     0.04 MPoints/s
CUDA: cudaSuccess
-------------------------------
comparing to CPU result...
  Result within epsilon
  TEST PASSED!

INFO     Running test program /home/normal/checkout/gpuocelot/tests-ptx-2.1/cuda2.3/TestThrustSort 
INFO     Test /home/normal/checkout/gpuocelot/tests-ptx-2.1/cuda2.3/TestAtomics
INFO     Test completed in 2.68691802025 seconds
INFO      It produced the following output:
Pass/Fail : Pass


Name : TestAtomics

Description: A performance test of the atomic implementation. 


Test Seed : 1295892451
Test time : 2.55246

Status : Serial Time: 2.44838 seconds 
Atomic Time: 0.104035 seconds 
Serial Speedup: 0.0424914x



INFO     Running test program /home/normal/checkout/gpuocelot/tests-ptx-2.1/cuda2.3/TestThrustTransformIterator 
INFO     Test /home/normal/checkout/gpuocelot/tests-ptx-2.1/cuda2.3/TestThrustTransformIterator
INFO     Test completed in 3.92096090317 seconds
INFO      It produced the following output:
values         : 2 5 7 1 6 0 3 8 
clamped values : 2 5 5 1 5 1 3 5 
sum of clamped values : 27
sequence         : 0 1 2 3 4 5 6 7 8 9 
clamped sequence : 1 1 2 3 4 5 5 5 5 5 
negated sequence : -1 -1 -2 -3 -4 -5 -5 -5 -5 -5 
negated values : -2 -5 -7 -1 -6 0 -3 -8 
TEST PASSED

INFO     Running test program /home/normal/checkout/gpuocelot/tests-ptx-2.1/cuda2.3/SortingNetwork 
INFO     Test /home/normal/checkout/gpuocelot/tests-ptx-2.1/cuda2.3/TestThrustSort
INFO     Test completed in 21.2299439907 seconds
INFO      It produced the following output:
==Ocelot== Ocelot Multicore CPU Backend (LLVM-JIT) failed to run kernel "_ZN6thrust6detail6device4cuda6detail4b40c17ScanScatterDigitsIjNS4_12KeysOnlyTypeELi1ELi4ELi4ENS4_10NopFunctorIjEES8_EEvPbPiPT_SC_PT0_SE_NS4_16CtaDecompositionE" with exception: 
==Ocelot== LLVM Parser failed: _ZN6thrust6detail6device4cuda6detail4b40c17ScanScatterDigitsIjNS4_12KeysOnlyTypeELi1ELi4ELi4ENS4_10NopFunctorIjEES8_EEvPbPiPT_SC_PT0_SE_NS4_16CtaDecompositionE_split_9: <string>:141:18: error: '@__ocelot_vote' defined with type 'i1 (i1, i32, i1)*'
==Ocelot== 	%r21 = call i32 @__ocelot_vote(i1 %r20, i32 3, i1 0);
==Ocelot== 	                ^
==Ocelot== 
terminate called after throwing an instance of 'hydrazine::Exception'
  what():  LLVM Parser failed: _ZN6thrust6detail6device4cuda6detail4b40c17ScanScatterDigitsIjNS4_12KeysOnlyTypeELi1ELi4ELi4ENS4_10NopFunctorIjEES8_EEvPbPiPT_SC_PT0_SE_NS4_16CtaDecompositionE_split_9: <string>:141:18: error: '@__ocelot_vote' defined with type 'i1 (i1, i32, i1)*'
	%r21 = call i32 @__ocelot_vote(i1 %r20, i32 3, i1 0);
	                ^


INFO     Running test program /home/normal/checkout/gpuocelot/tests-ptx-2.1/cuda2.3/TestThrustSum 
INFO     Test /home/normal/checkout/gpuocelot/tests-ptx-2.1/cuda2.3/TestThrustSum
INFO     Test completed in 2.77761697769 seconds
INFO      It produced the following output:
TEST PASSED

INFO     Running test program /home/normal/checkout/gpuocelot/tests-ptx-2.1/cuda2.3/TestThrustMaxAbsDiff 
INFO     Test /home/normal/checkout/gpuocelot/tests-ptx-2.1/cuda2.3/TestThrustMaxAbsDiff
INFO     Test completed in 4.60873508453 seconds
INFO      It produced the following output:
maximum absolute difference: 4
TEST PASSED

INFO     Test /home/normal/checkout/gpuocelot/tests-ptx-2.1/cuda2.3/SortingNetwork
INFO     Test completed in 42.9217228889 seconds
INFO      It produced the following output:
Starting up CUDA context...
Allocating and initializing host arrays...
Allocating and initializing CUDA arrays...
Running GPU bitonic sort (1 identical iterations)...
Testing array length 64 (1024 arrays per batch)...
	Average time: 2848.011963 ms
	Reading back GPU results...
	Inspecting sorted results...
validateSortedKeys(): result key array is ordered correctly
validateValues(): key and val arrays match
TEST PASSED
Testing array length 128 (512 arrays per batch)...
	Average time: 1992.985962 ms
	Reading back GPU results...
	Inspecting sorted results...
validateSortedKeys(): result key array is ordered correctly
validateValues(): key and val arrays match
TEST PASSED
Testing array length 256 (256 arrays per batch)...
	Average time: 2396.812012 ms
	Reading back GPU results...
	Inspecting sorted results...
validateSortedKeys(): result key array is ordered correctly
validateValues(): key and val arrays match
TEST PASSED
Testing array length 512 (128 arrays per batch)...
	Average time: 2921.274902 ms
	Reading back GPU results...
	Inspecting sorted results...
validateSortedKeys(): result key array is ordered correctly
validateValues(): key and val arrays match
TEST PASSED
Testing array length 1024 (64 arrays per batch)...
	Average time: 3487.993896 ms
	Reading back GPU results...
	Inspecting sorted results...
validateSortedKeys(): result key array is ordered correctly
validateValues(): key and val arrays match
TEST PASSED
Testing array length 2048 (32 arrays per batch)...
	Average time: 5360.503906 ms
	Reading back GPU results...
	Inspecting sorted results...
validateSortedKeys(): result key array is ordered correctly
validateValues(): key and val arrays match
TEST PASSED
Testing array length 4096 (16 arrays per batch)...
	Average time: 4328.950195 ms
	Reading back GPU results...
	Inspecting sorted results...
validateSortedKeys(): result key array is ordered correctly
validateValues(): key and val arrays match
TEST PASSED
Testing array length 8192 (8 arrays per batch)...
	Average time: 3569.741943 ms
	Reading back GPU results...
	Inspecting sorted results...
validateSortedKeys(): result key array is ordered correctly
validateValues(): key and val arrays match
TEST PASSED
Testing array length 16384 (4 arrays per batch)...
	Average time: 4030.899902 ms
	Reading back GPU results...
	Inspecting sorted results...
validateSortedKeys(): result key array is ordered correctly
validateValues(): key and val arrays match
TEST PASSED
Testing array length 32768 (2 arrays per batch)...
	Average time: 4907.350098 ms
	Reading back GPU results...
	Inspecting sorted results...
validateSortedKeys(): result key array is ordered correctly
validateValues(): key and val arrays match
TEST PASSED
Testing array length 65536 (1 arrays per batch)...
	Average time: 6140.035156 ms
	Reading back GPU results...
	Inspecting sorted results...
validateSortedKeys(): result key array is ordered correctly
validateValues(): key and val arrays match
TEST PASSED
Shutting down...

Press ENTER to exit...

INFO     
Passing tests:
 (42.922s) : /home/normal/checkout/gpuocelot/tests-ptx-2.1/cuda2.3/SortingNetwork : Passed
 (4.090s) : /home/normal/checkout/gpuocelot/tests-ptx-2.1/cuda2.3/TestThrustBoundingBox : Passed
 (8.225s) : /home/normal/checkout/gpuocelot/tests-ptx-2.1/cuda2.3/TestThrustPaddedGridReduction : Passed
 (4.609s) : /home/normal/checkout/gpuocelot/tests-ptx-2.1/cuda2.3/TestThrustMaxAbsDiff : Passed
 (37.028s) : /home/normal/checkout/gpuocelot/tests-ptx-2.1/cuda2.3/TestThrustStreamCompact : Passed
 (2.699s) : /home/normal/checkout/gpuocelot/tests-ptx-2.1/cuda2.3/TestThrustMinMax : Passed
 (1.314s) : /home/normal/checkout/gpuocelot/tests-ptx-2.1/cuda2.3/TestInstructionThroughput : Passed
 (6.616s) : /home/normal/checkout/gpuocelot/tests-ptx-2.1/cuda2.3/TestSpecialFunctions : Passed
 (0.357s) : /home/normal/checkout/gpuocelot/tests-ptx-2.1/cuda2.3/TestMemoryAccesses : Passed
 (2.687s) : /home/normal/checkout/gpuocelot/tests-ptx-2.1/cuda2.3/TestAtomics : Passed
 (2.208s) : /home/normal/checkout/gpuocelot/tests-ptx-2.1/cuda2.3/TestThrustNorm : Passed
 (0.910s) : /home/normal/checkout/gpuocelot/tests-ptx-2.1/cuda2.3/TestThrustConstantIterator : Passed
 (0.593s) : /home/normal/checkout/gpuocelot/tests-ptx-2.1/cuda2.3/TestThrustArbitraryTransform : Passed
 (3.921s) : /home/normal/checkout/gpuocelot/tests-ptx-2.1/cuda2.3/TestThrustTransformIterator : Passed
 (0.324s) : /home/normal/checkout/gpuocelot/tests-ptx-2.1/cuda2.3/vectorAdd : Passed
 (0.823s) : /home/normal/checkout/gpuocelot/tests-ptx-2.1/cuda2.3/TestThrustZipDot : Passed
 (1.887s) : /home/normal/checkout/gpuocelot/tests-ptx-2.1/cuda2.3/3DFD : Passed
 (0.194s) : /home/normal/checkout/gpuocelot/tests-ptx-2.1/cuda2.3/TestThrustBasicVector : Passed
 (27.801s) : /home/normal/checkout/gpuocelot/tests-ptx-2.1/cuda2.3/TestThrustCountingIterator : Passed
 (2.778s) : /home/normal/checkout/gpuocelot/tests-ptx-2.1/cuda2.3/TestThrustSum : Passed
 (0.499s) : /home/normal/checkout/gpuocelot/tests-ptx-2.1/cuda2.3/TestThrustFillCopy : Passed
 (0.422s) : /home/normal/checkout/gpuocelot/tests-ptx-2.1/cuda2.3/TestThrustUnwrapPointer : Passed
 (0.359s) : /home/normal/checkout/gpuocelot/tests-ptx-2.1/cuda2.3/TestThrustWrapPointer : Passed
 (0.240s) : /home/normal/checkout/gpuocelot/tests-ptx-2.1/cuda2.3/worleyTestExternalSharedMemory : Passed
 (0.848s) : /home/normal/checkout/gpuocelot/tests-ptx-2.1/cuda2.3/TestThrustSaxpy : Passed

Failing tests:
 (20.387s) : /home/normal/checkout/gpuocelot/tests-ptx-2.1/cuda2.3/TestThrustMode : Did not complete.
 (21.230s) : /home/normal/checkout/gpuocelot/tests-ptx-2.1/cuda2.3/TestThrustSort : Did not complete.
 (44.674s) : /home/normal/checkout/gpuocelot/tests-ptx-2.1/cuda2.3/TestThrustAOSSorting : Did not complete.
 (19.022s) : /home/normal/checkout/gpuocelot/tests-ptx-2.1/cuda2.3/TestThrustHistogram : Did not complete.
 (17.341s) : /home/normal/checkout/gpuocelot/tests-ptx-2.1/cuda2.3/TestThrustBucketSort2D : Did not complete.

Non-Existent tests:

