INFO     Reading in test file /home/normal/checkout/gpuocelot/tests/cuda2.1/regression/tests.txt
INFO      Found the following tests:
INFO       /home/normal/checkout/gpuocelot/tests/cuda2.1/AlignedTypes
INFO       /home/normal/checkout/gpuocelot/tests/cuda2.1/ConvolutionFFT2D
INFO       /home/normal/checkout/gpuocelot/tests/cuda2.1/FastWalshTransform
INFO       /home/normal/checkout/gpuocelot/tests/cuda2.1/MatrixMul
INFO       /home/normal/checkout/gpuocelot/tests/cuda2.1/QuasirandomGenerator
INFO       /home/normal/checkout/gpuocelot/tests/cuda2.1/SimpleCUFFT
INFO       /home/normal/checkout/gpuocelot/tests/cuda2.1/AsyncAPI
INFO       /home/normal/checkout/gpuocelot/tests/cuda2.1/ConvolutionSeparable
INFO       /home/normal/checkout/gpuocelot/tests/cuda2.1/FluidsGL
INFO       /home/normal/checkout/gpuocelot/tests/cuda2.1/RecursiveGaussian
INFO       /home/normal/checkout/gpuocelot/tests/cuda2.1/SimpleGL
INFO       /home/normal/checkout/gpuocelot/tests/cuda2.1/SobelFilter
INFO       /home/normal/checkout/gpuocelot/tests/cuda2.1/BandwidthTest
INFO       /home/normal/checkout/gpuocelot/tests/cuda2.1/ConvolutionTexture
INFO       /home/normal/checkout/gpuocelot/tests/cuda2.1/Histogram256
INFO       /home/normal/checkout/gpuocelot/tests/cuda2.1/MersenneTwister
INFO       /home/normal/checkout/gpuocelot/tests/cuda2.1/Reduction
INFO       /home/normal/checkout/gpuocelot/tests/cuda2.1/SimpleMultiGPU
INFO       /home/normal/checkout/gpuocelot/tests/cuda2.1/Template
INFO       /home/normal/checkout/gpuocelot/tests/cuda2.1/BicubicTexture
INFO       /home/normal/checkout/gpuocelot/tests/cuda2.1/CppIntegration
INFO       /home/normal/checkout/gpuocelot/tests/cuda2.1/Histogram64
INFO       /home/normal/checkout/gpuocelot/tests/cuda2.1/MonteCarlo
INFO       /home/normal/checkout/gpuocelot/tests/cuda2.1/ScalarProd
INFO       /home/normal/checkout/gpuocelot/tests/cuda2.1/SimpleStreams
INFO       /home/normal/checkout/gpuocelot/tests/cuda2.1/BinomialOptions
INFO       /home/normal/checkout/gpuocelot/tests/cuda2.1/Dct8x8
INFO       /home/normal/checkout/gpuocelot/tests/cuda2.1/ImageDenoising
INFO       /home/normal/checkout/gpuocelot/tests/cuda2.1/MonteCarloMultiGPU
INFO       /home/normal/checkout/gpuocelot/tests/cuda2.1/Scan
INFO       /home/normal/checkout/gpuocelot/tests/cuda2.1/SimpleTemplates
INFO       /home/normal/checkout/gpuocelot/tests/cuda2.1/Transpose
INFO       /home/normal/checkout/gpuocelot/tests/cuda2.1/Bitonic
INFO       /home/normal/checkout/gpuocelot/tests/cuda2.1/DeviceQuery
INFO       /home/normal/checkout/gpuocelot/tests/cuda2.1/Nbody
INFO       /home/normal/checkout/gpuocelot/tests/cuda2.1/ScanLargeArray
INFO       /home/normal/checkout/gpuocelot/tests/cuda2.1/SimpleTexture
INFO       /home/normal/checkout/gpuocelot/tests/cuda2.1/VolumeRender
INFO       /home/normal/checkout/gpuocelot/tests/cuda2.1/BlackScholes
INFO       /home/normal/checkout/gpuocelot/tests/cuda2.1/DwtHaar1D
INFO       /home/normal/checkout/gpuocelot/tests/cuda2.1/Mandelbrot
INFO       /home/normal/checkout/gpuocelot/tests/cuda2.1/OceanFFT
INFO       /home/normal/checkout/gpuocelot/tests/cuda2.1/SimpleTexture3D
INFO       /home/normal/checkout/gpuocelot/tests/cuda2.1/BoxFilter
INFO       /home/normal/checkout/gpuocelot/tests/cuda2.1/Dxtc
INFO       /home/normal/checkout/gpuocelot/tests/cuda2.1/Particles
INFO       /home/normal/checkout/gpuocelot/tests/cuda2.1/SimpleAtomicIntrinsics
INFO       /home/normal/checkout/gpuocelot/tests/cuda2.1/Clock
INFO       /home/normal/checkout/gpuocelot/tests/cuda2.1/Eigenvalues
INFO       /home/normal/checkout/gpuocelot/tests/cuda2.1/PostProcessGL
INFO       /home/normal/checkout/gpuocelot/tests/cuda2.1/SimpleCUBLAS
INFO       /home/normal/checkout/gpuocelot/tests/cuda2.1/SimpleVoteIntrinsics
INFO       /home/normal/checkout/gpuocelot/tests/cuda2.1/SimplerFFT
INFO       /home/normal/checkout/gpuocelot/tests/cuda2.1/Sequence
INFO       /home/normal/checkout/gpuocelot/tests/cuda2.1/MatrixMultiply
INFO       /home/normal/checkout/gpuocelot/tests/cuda2.1/CapModel3
INFO     ==== INDIVIDUAL TEST RESULTS ====

INFO     Running test program /home/normal/checkout/gpuocelot/tests/cuda2.1/BoxFilter 
INFO     Running test program /home/normal/checkout/gpuocelot/tests/cuda2.1/SobelFilter 
INFO     Running test program /home/normal/checkout/gpuocelot/tests/cuda2.1/ScanLargeArray 
INFO     Running test program /home/normal/checkout/gpuocelot/tests/cuda2.1/Nbody 
INFO     Test /home/normal/checkout/gpuocelot/tests/cuda2.1/Nbody
INFO     Test completed in 0.452664136887 seconds
INFO      It produced the following output:
While deleting: float (float)* %rsqrt
An asserting value handle still pointed to this value!
UNREACHABLE executed at Value.cpp:505!
Run "nbody -benchmark -n=<numBodies>" to measure perfomance.

Test PASSED

INFO     Running test program /home/normal/checkout/gpuocelot/tests/cuda2.1/QuasirandomGenerator 
INFO     Test /home/normal/checkout/gpuocelot/tests/cuda2.1/ScanLargeArray
INFO     Test completed in 0.513900995255 seconds
INFO      It produced the following output:
Running parallel prefix sum (prescan) of 10000 elements
This version is work efficient (O(n) adds)
and has very few shared memory bank conflicts

Test PASSED
Average GPU execution time: 5.382000 ms
CPU execution time:         0.066000 ms

Check out the CUDA Data Parallel Primitives Library for more on scan.
http://www.gpgpu.org/developer/cudpp

Press ENTER to exit...

INFO     Running test program /home/normal/checkout/gpuocelot/tests/cuda2.1/BlackScholes 
INFO     Test /home/normal/checkout/gpuocelot/tests/cuda2.1/BoxFilter
INFO     Test completed in 0.967099189758 seconds
INFO      It produced the following output:
Loaded 'data/lena.ppm', 512 x 512 pixels
Press '+' and '-' to change filter width
Press ']' and '[' to change number of iterations
While deleting: void (i32*, { { i16, i16, i16 }, { i16, i16, i16 }, { i16, i16, i16 }, { i16, i16, i16 }, i8*, i8*, i8*, i8*, i64, i64, i64, i64, i8* }*, i32, float, float)* %__ocelot_tex_2d_uf
An asserting value handle still pointed to this value!
UNREACHABLE executed at Value.cpp:505!
Summary: 0 errors!
Test PASSED!

INFO     Running test program /home/normal/checkout/gpuocelot/tests/cuda2.1/SimpleStreams 
INFO     Test /home/normal/checkout/gpuocelot/tests/cuda2.1/SimpleStreams
INFO     Test completed in 1.01547813416 seconds
INFO      It produced the following output:
running on: Ocelot LLVM JIT-Compiler

memcopy:	139.79
kernel:		94.62
non-streamed:	20.68 (234.41 expected)
4 streams:	21.15 (129.57 expected with compute capability 1.1 or later)
-------------------------------
Test PASSED

Press ENTER to exit...

INFO     Running test program /home/normal/checkout/gpuocelot/tests/cuda2.1/FluidsGL 
INFO     Test /home/normal/checkout/gpuocelot/tests/cuda2.1/QuasirandomGenerator
INFO     Test completed in 1.95836281776 seconds
INFO      It produced the following output:
Allocating GPU memory...
Allocating CPU memory...
Initializing QRNG tables...
Testing QRNG...
Gsamples/s: 0.006178
Reading GPU results...
Comparing to the CPU results...
L1 norm: 7.275964E-12
Testing inverseCNDgpu()...
Gsamples/s: 0.008561
Reading GPU results...
Comparing to the CPU results...
L1 norm: 1.721286E-07
TEST PASSED
Shutting down...

Press ENTER to exit...
While deleting: float (float)* %log2f
An asserting value handle still pointed to this value!
UNREACHABLE executed at Value.cpp:505!

INFO     Running test program /home/normal/checkout/gpuocelot/tests/cuda2.1/SimpleMultiGPU 
INFO     Test /home/normal/checkout/gpuocelot/tests/cuda2.1/BlackScholes
INFO     Test completed in 3.45983409882 seconds
INFO      It produced the following output:
Initializing data...
...allocating CPU memory for options.
...allocating GPU memory for options.
...generating input data in CPU mem.
...copying input data to GPU mem.
Data init done.
Executing Black-Scholes GPU kernel (1 iterations)...
Options count             : 8000000     
BlackScholesGPU() time    : 1562.890015 msec
Effective memory bandwidth: 0.051187 GB/s
Gigaoptions per second    : 0.005119     
Reading back GPU results...
Checking the results...
...running CPU calculations.
Comparing the results...
L1 norm: 4.127132E-08
Max absolute error: 1.525879E-05
TEST PASSED
Shutting down...
...releasing GPU memory.
...releasing CPU memory.
Shutdown done.

Press ENTER to exit...
While deleting: float (float)* %sqrtf
An asserting value handle still pointed to this value!
UNREACHABLE executed at Value.cpp:505!

INFO     Running test program /home/normal/checkout/gpuocelot/tests/cuda2.1/DeviceQuery 
INFO     Test /home/normal/checkout/gpuocelot/tests/cuda2.1/DeviceQuery
INFO     Test completed in 0.0337269306183 seconds
INFO      It produced the following output:
There are 2 devices supporting CUDA

Device 0: "Ocelot LLVM JIT-Compiler"
  Major revision number:                         1
  Minor revision number:                         3
  Total amount of global memory:                 766443520 bytes
  Number of multiprocessors:                     4
  Number of cores:                               32
  Total amount of constant memory:               65536 bytes
  Total amount of shared memory per block:       16384 bytes
  Total number of registers available per block: 766443520
  Warp size:                                     1
  Maximum number of threads per block:           512
  Maximum sizes of each dimension of a block:    512 x 512 x 64
  Maximum sizes of each dimension of a grid:     65535 x 65535 x 1
  Maximum memory pitch:                          766443520 bytes
  Texture alignment:                             1 bytes
  Clock rate:                                    2.00 GHz
  Concurrent copy and execution:                 No

Device 1: "Ocelot PTX Emulator"
  Major revision number:                         1
  Minor revision number:                         3
  Total amount of global memory:                 766443520 bytes
  Number of multiprocessors:                     4
  Number of cores:                               32
  Total amount of constant memory:               65536 bytes
  Total amount of shared memory per block:       16384 bytes
  Total number of registers available per block: 766443520
  Warp size:                                     512
  Maximum number of threads per block:           512
  Maximum sizes of each dimension of a block:    512 x 512 x 64
  Maximum sizes of each dimension of a grid:     65535 x 65535 x 1
  Maximum memory pitch:                          766443520 bytes
  Texture alignment:                             1 bytes
  Clock rate:                                    2.00 GHz
  Concurrent copy and execution:                 No

Test PASSED

Press ENTER to exit...

INFO     Running test program /home/normal/checkout/gpuocelot/tests/cuda2.1/ConvolutionTexture 
INFO     Test /home/normal/checkout/gpuocelot/tests/cuda2.1/SobelFilter
INFO     Test completed in 7.16574311256 seconds
INFO      It produced the following output:
Reading image: lena.pgm
I: display image
T: display Sobel edge detection (computed with tex)
S: display Sobel edge detection (computed with tex+shared memory)
Use the '-' and '=' keys to change the brightness.
While deleting: void (i32*, { { i16, i16, i16 }, { i16, i16, i16 }, { i16, i16, i16 }, { i16, i16, i16 }, i8*, i8*, i8*, i8*, i64, i64, i64, i64, i8* }*, i32, float, float)* %__ocelot_tex_2d_uf
An asserting value handle still pointed to this value!
UNREACHABLE executed at Value.cpp:505!
> (Frame 3) readback BackBuffer
> Saving PPM: <lena_orig.ppm>
> Comparing (a)rendered: <lena_orig.ppm>, (b)reference: <data/ref_orig.ppm>
PPMvsPPM: comparing images size (512,512) epsilon(5.0000)
  PASSED!
> (Frame 7) readback BackBuffer
> Saving PPM: <lena_shared.ppm>
> Comparing (a)rendered: <lena_shared.ppm>, (b)reference: <data/ref_shared.ppm>
PPMvsPPM: comparing images size (512,512) epsilon(5.0000)
  PASSED!
> (Frame 11) readback BackBuffer
> Saving PPM: <lena_shared_tex.ppm>
> Comparing (a)rendered: <lena_shared_tex.ppm>, (b)reference: <data/ref_shared_tex.ppm>
PPMvsPPM: comparing images size (512,512) epsilon(5.0000)
  PASSED!
Summary: 0 errors!
Test PASSED!

INFO     Running test program /home/normal/checkout/gpuocelot/tests/cuda2.1/Histogram256 
INFO     Test /home/normal/checkout/gpuocelot/tests/cuda2.1/Histogram256
INFO     Test completed in 0.513761043549 seconds
INFO      It produced the following output:
terminate called after throwing an instance of 'hydrazine::Exception'
  what():  LLVM Parser failed: _Z18histogram256KernelPjS_i: <string>:410:29: error: expected value token
	%r236 = call i32 @atom(i32 , i32 , i64 %r216, i32 %r235);
	                           ^

Initializing data...
...allocating CPU memory.
...generating input data
...allocating GPU memory and copying input data
Running CPU histogram...
histogramCPU() time : 10.050000 msec // 948.929650 MB/sec
Running GPU histogram using SM10...
histogram256_SM10() time : 224.610992 msec // 42.458933 MB/sec
TEST PASSED
Running GPU histogram using SM11...

INFO     Running test program /home/normal/checkout/gpuocelot/tests/cuda2.1/AlignedTypes 
INFO     Test /home/normal/checkout/gpuocelot/tests/cuda2.1/AlignedTypes
INFO     Test completed in 0.400304079056 seconds
INFO      It produced the following output:
Allocating memory...
Generating host input data array...
Uploading input data to GPU memory...
Testing misaligned types...
uint8...
Avg. time: 34.076000 ms / Copy throughput: 0.013665 GB/s.
TEST PASSED
uint16...
Avg. time: 27.850000 ms / Copy throughput: 0.016720 GB/s.
TEST PASSED
RGBA8_misaligned...
Avg. time: 27.580000 ms / Copy throughput: 0.016884 GB/s.
TEST PASSED
LA32_misaligned...
Avg. time: 20.937000 ms / Copy throughput: 0.022241 GB/s.
TEST PASSED
RGB32_misaligned...
Avg. time: 23.639999 ms / Copy throughput: 0.019698 GB/s.
TEST PASSED
RGBA32_misaligned...
Avg. time: 24.622999 ms / Copy throughput: 0.018912 GB/s.
TEST PASSED
Testing aligned types...
RGBA8...
Avg. time: 24.820000 ms / Copy throughput: 0.018762 GB/s.
TEST PASSED
I32...
Avg. time: 22.590000 ms / Copy throughput: 0.020614 GB/s.
TEST PASSED
LA32...
Avg. time: 21.392000 ms / Copy throughput: 0.021768 GB/s.
TEST PASSED
RGB32...
Avg. time: 21.573000 ms / Copy throughput: 0.021585 GB/s.
TEST PASSED
RGBA32...
Avg. time: 21.191999 ms / Copy throughput: 0.021973 GB/s.
TEST PASSED
RGBA32_2...
Avg. time: 21.521000 ms / Copy throughput: 0.021638 GB/s.
TEST PASSED
Shutting down...

Press ENTER to exit...

INFO     Running test program /home/normal/checkout/gpuocelot/tests/cuda2.1/AsyncAPI 
INFO     Test /home/normal/checkout/gpuocelot/tests/cuda2.1/AsyncAPI
INFO     Test completed in 0.741155147552 seconds
INFO      It produced the following output:
time spent executing by the GPU: 533.63
time spent by CPU in CUDA calls: 533.64
CPU executed 0 iterations while waiting for GPU to finish
--------------------------------------------------------------
Test PASSED

Press ENTER to exit...

INFO     Running test program /home/normal/checkout/gpuocelot/tests/cuda2.1/Clock 
INFO     Test /home/normal/checkout/gpuocelot/tests/cuda2.1/Clock
INFO     Test completed in 0.105363845825 seconds
INFO      It produced the following output:
Test PASSED
time = 6711656

Press ENTER to exit...
While deleting: i32 ({ { i16, i16, i16 }, { i16, i16, i16 }, { i16, i16, i16 }, { i16, i16, i16 }, i8*, i8*, i8*, i8*, i64, i64, i64, i64, i8* }*)* %__ocelot_clock
An asserting value handle still pointed to this value!
UNREACHABLE executed at Value.cpp:505!

INFO     Running test program /home/normal/checkout/gpuocelot/tests/cuda2.1/VolumeRender 
INFO     Test /home/normal/checkout/gpuocelot/tests/cuda2.1/FluidsGL
INFO     Test completed in 11.3750729561 seconds
INFO      It produced the following output:
While deleting: void (float*, { { i16, i16, i16 }, { i16, i16, i16 }, { i16, i16, i16 }, { i16, i16, i16 }, i8*, i8*, i8*, i8*, i64, i64, i64, i64, i8* }*, i32, float, float)* %__ocelot_tex_2d_ff
An asserting value handle still pointed to this value!
UNREACHABLE executed at Value.cpp:505!
Test PASSED

INFO     Running test program /home/normal/checkout/gpuocelot/tests/cuda2.1/ConvolutionFFT2D 
INFO     Test /home/normal/checkout/gpuocelot/tests/cuda2.1/SimpleMultiGPU
INFO     Test completed in 21.4298648834 seconds
INFO      It produced the following output:
CUDA-capable device count: 2
main(): generating input data...
main(): waiting for GPU results...
GPU Processing time: 20701.968750 (ms) 
Checking the results...
CPU Processing time: 69.609001 (ms) 
GPU sum: 16777280.000000; CPU sum: 16777294.395033
Relative difference: 8.580068E-07 
TEST PASSED
Shutting down...

Press ENTER to exit...

INFO     Running test program /home/normal/checkout/gpuocelot/tests/cuda2.1/SimpleTexture3D 
INFO     Test /home/normal/checkout/gpuocelot/tests/cuda2.1/SimpleTexture3D
INFO     Test completed in 1.62056303024 seconds
INFO      It produced the following output:
While deleting: void (i32*, { { i16, i16, i16 }, { i16, i16, i16 }, { i16, i16, i16 }, { i16, i16, i16 }, i8*, i8*, i8*, i8*, i64, i64, i64, i64, i8* }*, i32, float, float, float, float)* %__ocelot_tex_3d_uf
An asserting value handle still pointed to this value!
UNREACHABLE executed at Value.cpp:505!
Read 'data/Bucky.raw', 32768 bytes
Press space to toggle animation
Press '+' and '-' to change displayed slice
Test PASSED

INFO     Running test program /home/normal/checkout/gpuocelot/tests/cuda2.1/SimpleGL 
INFO     Test /home/normal/checkout/gpuocelot/tests/cuda2.1/SimpleGL
INFO     Test completed in 0.355993032455 seconds
INFO      It produced the following output:
While deleting: float (float)* %sinf
An asserting value handle still pointed to this value!
UNREACHABLE executed at Value.cpp:505!
TEST PASSED

INFO     Running test program /home/normal/checkout/gpuocelot/tests/cuda2.1/MonteCarloMultiGPU 
INFO     Test /home/normal/checkout/gpuocelot/tests/cuda2.1/ConvolutionFFT2D
INFO     Test completed in 12.5079751015 seconds
INFO      It produced the following output:
Input data size           : 1000 x 1000
Convolution kernel size   : 7 x 7
Padded image size         : 1006 x 1006
Aligned padded image size : 1024 x 1024
Allocating memory...
Generating random input data...
Creating FFT plan for 1024 x 1024...
Uploading to GPU and padding convolution kernel and input data...
...initializing padded kernel and data storage with zeroes...
...copying input data and convolution kernel from host to CUDA arrays
...binding CUDA arrays to texture references
...padding convolution kernel
...padding input data array
Transforming convolution kernel...
Running GPU FFT convolution...
GPU time: 2733.414062 msecs. //0.365843 MPix/s
Reading back GPU FFT results...
Checking GPU results...
...running reference CPU convolution
...comparing the results
Max delta / CPU value 9.009470E-07
L2 norm: 1.675075E-07
TEST PASSED
Shutting down...

Press ENTER to exit...
While deleting: void (float*, { { i16, i16, i16 }, { i16, i16, i16 }, { i16, i16, i16 }, { i16, i16, i16 }, i8*, i8*, i8*, i8*, i64, i64, i64, i64, i8* }*, i32, float, float)* %__ocelot_tex_2d_ff
An asserting value handle still pointed to this value!
UNREACHABLE executed at Value.cpp:505!

INFO     Running test program /home/normal/checkout/gpuocelot/tests/cuda2.1/SimpleVoteIntrinsics 
INFO     Test /home/normal/checkout/gpuocelot/tests/cuda2.1/SimpleVoteIntrinsics
INFO     Test completed in 0.110649108887 seconds
INFO      It produced the following output:
terminate called after throwing an instance of 'hydrazine::Exception'
  what():  LLVM Parser failed: _Z14VoteAnyKernel1PjS_i: <string>:73:36: error: expected value token
	%r15 = call i1 @vote(i1 %r14, i32 , i1 );
	                                  ^

simpleVoteIntrinsics: Using Device 0: "Ocelot LLVM JIT-Compiler"
[VOTE Kernel Test 1/3]
	Running <<Vote.Any>> kernel1 ...

INFO     Running test program /home/normal/checkout/gpuocelot/tests/cuda2.1/ScalarProd 
INFO     Test /home/normal/checkout/gpuocelot/tests/cuda2.1/ScalarProd
INFO     Test completed in 0.627001047134 seconds
INFO      It produced the following output:
Initializing data...
...allocating CPU memory.
...allocating GPU memory.
...generating input data in CPU mem.
...copying input data to GPU mem.
Data init done.
Executing GPU kernel...
GPU time: 184.679001 msecs.
Reading back GPU result...
Checking GPU results...
..running CPU scalar product calculation
...comparing the results
L1 error: 3.070748E-08
TEST PASSED
Shutting down...

Press ENTER to exit...

INFO     Running test program /home/normal/checkout/gpuocelot/tests/cuda2.1/BicubicTexture 
INFO     Test /home/normal/checkout/gpuocelot/tests/cuda2.1/BicubicTexture
INFO     Test completed in 2.25226402283 seconds
INFO      It produced the following output:
While deleting: void (i32*, { { i16, i16, i16 }, { i16, i16, i16 }, { i16, i16, i16 }, { i16, i16, i16 }, i8*, i8*, i8*, i8*, i64, i64, i64, i64, i8* }*, i32, float, float)* %__ocelot_tex_2d_uf
An asserting value handle still pointed to this value!
UNREACHABLE executed at Value.cpp:505!
Loaded 'lena_bw.pgm', 512 x 512 pixels
Press '=' and '-' to zoom
Press number keys to change filtering mode:
1 - nearest filtering
2 - bilinear filtering
3 - bicubic filtering
4 - fast bicubic filtering
time: 1878.006 ms, 0.139586 Mpixels/sec
Test PASSED!

INFO     Running test program /home/normal/checkout/gpuocelot/tests/cuda2.1/OceanFFT 
INFO     Test /home/normal/checkout/gpuocelot/tests/cuda2.1/MonteCarloMultiGPU
INFO     Test completed in 4.07642912865 seconds
INFO      It produced the following output:
Generating input data...
Allocating memory...
Generating normally distributed samples...
Running GPU Monte Carlo...
Options         : 64
Simulation paths: 262144
Time (ms.)      : 1409.712036
GPU options per sec.: 45.399343
GPU Monte Carlo vs. Black-Scholes statistics
L1 norm        : 8.906502E-01
Average reserve: 0.003350
TEST FAILED
CPU Monte Carlo vs. Black-Scholes statistics...
L1 norm: 2.922498E-06
Average reserve: 470.248927
CPU vs. GPU Monte Carlo statistics...
L1 norm: 8.906499E-01
Shutting down...

Press ENTER to exit...
While deleting: float (float)* %ex2
An asserting value handle still pointed to this value!
UNREACHABLE executed at Value.cpp:505!

INFO     Running test program /home/normal/checkout/gpuocelot/tests/cuda2.1/Scan 
INFO     Test /home/normal/checkout/gpuocelot/tests/cuda2.1/Scan
INFO     Test completed in 0.428560972214 seconds
INFO      It produced the following output:
Running parallel prefix sum (scan) of 512 elements
Comparing 3 versions:

1. scan_naive -- not work efficient (O(n log n) adds).
Average time: 114.517998 ms

2. scan_workefficient -- Work efficient (O(n) adds), but many bank conflicts.
Average time: 113.736000 ms

3. scan_best -- work efficient with very few bank conflicts.
Average time: 134.815002 ms

scan_naive: Test PASSED
scan_workefficient: Test PASSED
scan_best: Test PASSED

Check out the CUDA Data Parallel Primitives Library for more on scan.
http://www.gpgpu.org/developer/cudpp

Press ENTER to exit...

INFO     Running test program /home/normal/checkout/gpuocelot/tests/cuda2.1/MatrixMul 
INFO     Test /home/normal/checkout/gpuocelot/tests/cuda2.1/MatrixMul
INFO     Test completed in 0.14064002037 seconds
INFO      It produced the following output:
Processing time: 97.723000 (ms) 
Test PASSED 

Press ENTER to exit...

INFO     Running test program /home/normal/checkout/gpuocelot/tests/cuda2.1/Histogram64 
INFO     Test /home/normal/checkout/gpuocelot/tests/cuda2.1/Histogram64
INFO     Test completed in 0.567672967911 seconds
INFO      It produced the following output:
Initializing data...
...allocating CPU memory.
...generating input data
...allocating GPU memory and copying input data
Running GPU histogram (1 iterations)...
histogram64GPU() time (average) : 267.984985 msec //35.586856 MB/sec
Comparing the results...
...histogramCPU()
histogram64CPU() time : 12.299000 msec //775.408027 MB/sec
Total sum of histogram elements: 10000000
Sum of absolute differences: 0
TEST PASSED
Shutting down...

Press ENTER to exit...

INFO     Running test program /home/normal/checkout/gpuocelot/tests/cuda2.1/SimpleTexture 
INFO     Test /home/normal/checkout/gpuocelot/tests/cuda2.1/SimpleTexture
INFO     Test completed in 2.22042298317 seconds
INFO      It produced the following output:
Loaded 'lena_bw.pgm', 512 x 512 pixels
Processing time: 455.937988 (ms)
0.57 Mpixels/sec
Wrote 'data/lena_bw_out.pgm'
Comparing files
	output:    <data/lena_bw_out.pgm>
	reference: <data/ref_rotated.pgm>
Test PASSED

Press ENTER to exit...
While deleting: void (float*, { { i16, i16, i16 }, { i16, i16, i16 }, { i16, i16, i16 }, { i16, i16, i16 }, i8*, i8*, i8*, i8*, i64, i64, i64, i64, i8* }*, i32, float, float)* %__ocelot_tex_2d_ff
An asserting value handle still pointed to this value!
UNREACHABLE executed at Value.cpp:505!

INFO     Running test program /home/normal/checkout/gpuocelot/tests/cuda2.1/MonteCarlo 
INFO     Test /home/normal/checkout/gpuocelot/tests/cuda2.1/OceanFFT
INFO     Test completed in 8.37680697441 seconds
INFO      It produced the following output:
While deleting: float (float)* %sqrtf
An asserting value handle still pointed to this value!
UNREACHABLE executed at Value.cpp:505!
CUDA FFT Ocean Simulation

Left mouse button          - rotate
Middle mouse button        - pan
Left + middle mouse button - zoom
'w' key                    - toggle wireframe
> (Frame 3) Readback BackBuffer
> Saving PPM: <oceanFFT.ppm>
> Comparing (a)rendered: <oceanFFT.ppm>, (b)reference: <data/reference.ppm>
PPMvsPPM: comparing images size (512,512) epsilon(10.0000)
  PASSED!
Summary: 0 errors!
Test PASSED!

INFO     Running test program /home/normal/checkout/gpuocelot/tests/cuda2.1/ImageDenoising 
INFO     Test /home/normal/checkout/gpuocelot/tests/cuda2.1/MonteCarlo
INFO     Test completed in 4.88999986649 seconds
INFO      It produced the following output:
Generating input data...
Allocating memory...
Generating normally distributed samples...
Running GPU Monte Carlo...
Options         : 64
Simulation paths: 262144
Time (ms.)      : 1590.837036
GPU options per sec.: 40.230394
GPU Monte Carlo vs. Black-Scholes statistics
L1 norm        : 8.906502E-01
Average reserve: 0.003350
TEST FAILED
CPU Monte Carlo vs. Black-Scholes statistics...
L1 norm: 2.922498E-06
Average reserve: 470.248927
CPU vs. GPU Monte Carlo statistics...
L1 norm: 8.906499E-01
Shutting down...

Press ENTER to exit...
While deleting: float (float)* %ex2
An asserting value handle still pointed to this value!
UNREACHABLE executed at Value.cpp:505!

INFO     Running test program /home/normal/checkout/gpuocelot/tests/cuda2.1/CppIntegration 
INFO     Test /home/normal/checkout/gpuocelot/tests/cuda2.1/CppIntegration
INFO     Test completed in 0.305467128754 seconds
INFO      It produced the following output:
Test PASSED
Hello World.
Hello World.    

Press ENTER to exit...

INFO     Running test program /home/normal/checkout/gpuocelot/tests/cuda2.1/Transpose 
INFO     Test /home/normal/checkout/gpuocelot/tests/cuda2.1/Transpose
INFO     Test completed in 0.4574239254 seconds
INFO      It produced the following output:
Transposing a 256 by 4096 matrix of floats...
Naive transpose average time:     37.388 ms
Optimized transpose average time: 105.474 ms

Test PASSED

Press ENTER to exit...

INFO     Running test program /home/normal/checkout/gpuocelot/tests/cuda2.1/Particles 
INFO     Test /home/normal/checkout/gpuocelot/tests/cuda2.1/Particles
INFO     Test completed in 2.47704315186 seconds
INFO      It produced the following output:
While deleting: void (float*, { { i16, i16, i16 }, { i16, i16, i16 }, { i16, i16, i16 }, { i16, i16, i16 }, i8*, i8*, i8*, i8*, i64, i64, i64, i64, i8* }*, i32, i32)* %__ocelot_tex_1d_fu
An asserting value handle still pointed to this value!
UNREACHABLE executed at Value.cpp:505!
grid: 64 x 64 x 64 = 262144 cells
1024 particles, total time for 1 iterations: 2140.339 ms
Test PASSED

INFO     Running test program /home/normal/checkout/gpuocelot/tests/cuda2.1/BandwidthTest 
INFO     Test /home/normal/checkout/gpuocelot/tests/cuda2.1/BandwidthTest
INFO     Test completed in 1.18082094193 seconds
INFO      It produced the following output:
Running on......
      device 0:Ocelot LLVM JIT-Compiler
Quick Mode
Host to Device Bandwidth for Pageable memory
.
Transfer Size (Bytes)	Bandwidth(MB/s)
 33554432		2586.9

Quick Mode
Device to Host Bandwidth for Pageable memory
.
Transfer Size (Bytes)	Bandwidth(MB/s)
 33554432		2579.0

Quick Mode
Device to Device Bandwidth
.
Transfer Size (Bytes)	Bandwidth(MB/s)
 33554432		5194.5

&&&& Test PASSED

Press ENTER to exit...

INFO     Running test program /home/normal/checkout/gpuocelot/tests/cuda2.1/MersenneTwister 
INFO     Test /home/normal/checkout/gpuocelot/tests/cuda2.1/MersenneTwister
INFO     Test completed in 1.05445480347 seconds
INFO      It produced the following output:
Initializing data for 2400000 samples...
Loading CPU and GPU twisters configurations...
Generating random numbers on GPU...
Generated samples : 2400256 
RandomGPU() time  : 172.970993 
Samples per second: 1.387664E+07 
Applying Box-Muller transformation on GPU...
Transformed samples : 2400256 
BoxMullerGPU() time : 350.954010 
Samples per second  : 6.839232E+06 
Reading back the results...
Checking GPU results...
...generating random numbers on CPU using reference generator
...applying Box-Muller transformation on CPU
...comparing the results
Max absolute error: 4.768372E-07
L1 norm: 2.175315E-09
TEST PASSED
Shutting down...

Press ENTER to exit...
While deleting: float (float)* %sqrtf
An asserting value handle still pointed to this value!
UNREACHABLE executed at Value.cpp:505!

INFO     Running test program /home/normal/checkout/gpuocelot/tests/cuda2.1/Mandelbrot 
INFO     Test /home/normal/checkout/gpuocelot/tests/cuda2.1/Mandelbrot
INFO     Test completed in 0.587103128433 seconds
INFO      It produced the following output:
terminate called after throwing an instance of 'hydrazine::Exception'
  what():  LLVM Parser failed: _Z16Mandelbrot0_sm13IfEvP6uchar4iiiT_S2_S2_S0_iiii: <string>:86:28: error: expected value token
	%r25 = call i32 @atom(i32 , i32 , i64 %r23, i32 %r24);
	                          ^

Compute capability 1.3
Data init done.
Initializing GLUT...
Loading extensions: No error
OpenGL window created.
Starting GLUT main loop...

Press [?] to print location and scale
Press [q] to exit
Press [r] to reset
Press [a] or [A] to animate the colors
Press [c] or [C] to change the colors
Press [d] or [D] to increase/decrease the detail
Left mouse button + drag = Scroll
Middle mouse button + drag = Zoom
Right mouse button = Menu

Creating GL texture...
Texture created.
Creating PBO...
PBO created.

INFO     Running test program /home/normal/checkout/gpuocelot/tests/cuda2.1/Dct8x8 
INFO     Test /home/normal/checkout/gpuocelot/tests/cuda2.1/Dct8x8
INFO     Test completed in 3.42932295799 seconds
INFO      It produced the following output:
CUDA sample DCT/IDCT implementation
===================================
Loading test image: barbara.bmp... [512 x 512]... Success
Running Gold 1 (CPU) version... Success
Running Gold 2 (CPU) version... Success
Running CUDA 1 (GPU) version... Success
Running CUDA 2 (GPU) version... Success
Running CUDA short (GPU) version... Success
Dumping result to barbara_gold1.bmp... Success
Dumping result to barbara_gold2.bmp... Success
Dumping result to barbara_cuda1.bmp... Success
Dumping result to barbara_cuda2.bmp... Success
Dumping result to barbara_cuda_short.bmp... Success
Processing time (CPU 1)     : 14.908499 ms 
Processing time (CPU 2)     : 2.017800 ms 
Processing time (CUDA 1)    : 207.404999 ms 
Processing time (CUDA 2)    : 73.417000 ms 
Processing time (CUDA short): 139.445007 ms 
PSNR Original    <---> CPU(Gold 1)    : 32.777073
PSNR Original    <---> CPU(Gold 2)    : 32.777050
PSNR Original    <---> GPU(CUDA 1)    : 30.644636
PSNR Original    <---> GPU(CUDA 2)    : 16.660435
PSNR Original    <---> GPU(CUDA short): 32.749447
PSNR CPU(Gold 1) <---> GPU(CUDA 1)    : 33.424622
PSNR CPU(Gold 2) <---> GPU(CUDA 2)    : 16.574196
PSNR CPU(Gold 2) <---> GPU(CUDA short): 42.258053

Test FAILED! (CPU and GPU results differ too much)

Press ENTER to exit...
While deleting: void (float*, { { i16, i16, i16 }, { i16, i16, i16 }, { i16, i16, i16 }, { i16, i16, i16 }, i8*, i8*, i8*, i8*, i64, i64, i64, i64, i8* }*, i32, float, float)* %__ocelot_tex_2d_ff
An asserting value handle still pointed to this value!
UNREACHABLE executed at Value.cpp:505!

INFO     Running test program /home/normal/checkout/gpuocelot/tests/cuda2.1/RecursiveGaussian 
INFO     Test /home/normal/checkout/gpuocelot/tests/cuda2.1/ImageDenoising
INFO     Test completed in 10.9211280346 seconds
INFO      It produced the following output:
While deleting: void (i32*, { { i16, i16, i16 }, { i16, i16, i16 }, { i16, i16, i16 }, { i16, i16, i16 }, i8*, i8*, i8*, i8*, i64, i64, i64, i64, i8* }*, i32, float, float)* %__ocelot_tex_2d_uf
An asserting value handle still pointed to this value!
UNREACHABLE executed at Value.cpp:505!
Allocating host and CUDA memory and loading image file...
Loading data/portrait_noise.bmp...
BMP width: 40
BMP height: 40
BMP file loaded successfully!
Data init done.
Initializing GLUT...
Loading extensions: No error
OpenGL window created.
Creating GL texture...
Texture created.
Creating PBO...
PBO created.
Starting GLUT main loop...
Press [1] to view noisy image
Press [2] to view image restored with knn filter
Press [3] to view image restored with nlm filter
Press [4] to view image restored with modified nlm filter
Press [ ] to view smooth/edgy areas [RED/BLUE] Ct's
Press [f] to print frame rate
Press [?] to print Noise and Lerp Ct's
Press [q] to exit
> (Frame 1) readback BackBuffer
> Saving PPM: <image_passthru.ppm>
> Comparing (a)rendered: <image_passthru.ppm>, (b)reference: <data/ref_passthru.ppm>
PPMvsPPM: comparing images size (40,40) epsilon(1.0000)
  PASSED!
> (Frame 3) readback BackBuffer
> Saving PPM: <image_knn.ppm>
> Comparing (a)rendered: <image_knn.ppm>, (b)reference: <data/ref_knn.ppm>
PPMvsPPM: comparing images size (40,40) epsilon(1.0000)
  PASSED!
> (Frame 5) readback BackBuffer
> Saving PPM: <image_nlm.ppm>
> Comparing (a)rendered: <image_nlm.ppm>, (b)reference: <data/ref_nlm.ppm>
PPMvsPPM: comparing images size (40,40) epsilon(1.0000)
  PASSED!
> (Frame 7) readback BackBuffer
> Saving PPM: <image_nlm2.ppm>
> Comparing (a)rendered: <image_nlm2.ppm>, (b)reference: <data/ref_nlm2.ppm>
PPMvsPPM: comparing images size (40,40) epsilon(1.0000)
  PASSED!
Summary: 0 errors!
Test PASSED!

INFO     Running test program /home/normal/checkout/gpuocelot/tests/cuda2.1/SimpleCUBLAS 
INFO     Test /home/normal/checkout/gpuocelot/tests/cuda2.1/RecursiveGaussian
INFO     Test completed in 0.51012802124 seconds
INFO      It produced the following output:
Loaded 'data/lena.ppm', 512 x 512 pixels
Processing time: 148.031006 (ms)
1.77 Mpixels/sec
Test PASSED

INFO     Running test program /home/normal/checkout/gpuocelot/tests/cuda2.1/CapModel3 
INFO     Test /home/normal/checkout/gpuocelot/tests/cuda2.1/CapModel3
INFO     Test completed in 2.11407804489 seconds
INFO      It produced the following output:
terminate called after throwing an instance of 'hydrazine::Exception'
  what():  LLVM Parser failed: _Z15capModel3KernelP14CudaInvariantsP11CudaScratchP10CudaResult: <string>:2417:2: error: multiple definition of local value named 'r2023'
	%r2023 = lshr i32 %r2021, 30;
	^

(0.341512) CapModel3.cpp:2371: Running CapModel3
(0.341536) CapModel3.cpp:2376: Not initialized, loading files.
(0.34154) CapModel3.cpp:1203: Reading in ratings file data/ratings.csv
(0.351233) CapModel3.cpp:1267: Reading in industry file data/industry.csv
(0.410328) CapModel3.cpp:1379: Reading in portfolio file data/portfolio.csv
(0.414311) CapModel3.cpp:1319: Reading in obligors file data/obligors.csv
(0.424864) CapModel3.cpp:1467: Reading in twisters file data/mersenneTwisters.dat
(0.436761) CapModel3.cpp:1495:  Successfulyy read 4096 mersenne twister parameter sets.
(0.436787) CapModel3.cpp:2387: Computing invariants.
(0.44034) CapModel3.cpp:2398: Starting simulation.
(0.440353) CapModel3.cpp:1811: Simulating 1 chunks of size 1000
(0.44036) CapModel3.cpp:1181: Simulating chunk 0 on GPU.

INFO     Running test program /home/normal/checkout/gpuocelot/tests/cuda2.1/Bitonic 
INFO     Test /home/normal/checkout/gpuocelot/tests/cuda2.1/Bitonic
INFO     Test completed in 0.0814778804779 seconds
INFO      It produced the following output:
Test PASSED

Press ENTER to exit...

INFO     Running test program /home/normal/checkout/gpuocelot/tests/cuda2.1/SimpleCUFFT 
INFO     Test /home/normal/checkout/gpuocelot/tests/cuda2.1/SimpleCUFFT
INFO     Test completed in 8.13589692116 seconds
INFO      It produced the following output:
CUFFT test entered
While deleting: float (float)* %sinf
An asserting value handle still pointed to this value!
UNREACHABLE executed at Value.cpp:505!
Test finished, checking results...
Test PASSED

INFO     Running test program /home/normal/checkout/gpuocelot/tests/cuda2.1/Reduction 
INFO     Test /home/normal/checkout/gpuocelot/tests/cuda2.1/VolumeRender
INFO     Test completed in 50.1309158802 seconds
INFO      It produced the following output:
While deleting: void (i32*, { { i16, i16, i16 }, { i16, i16, i16 }, { i16, i16, i16 }, { i16, i16, i16 }, i8*, i8*, i8*, i8*, i64, i64, i64, i64, i8* }*, i32, float, float, float, float)* %__ocelot_tex_3d_uf
An asserting value handle still pointed to this value!
UNREACHABLE executed at Value.cpp:505!
Read 'data/Bucky.raw', 32768 bytes
Press '=' and '-' to change density
      ']' and '[' to change brightness
      ';' and ''' to modify transfer function offset
      '.' and ',' to modify transfer function scale
Test PASSED

INFO     Running test program /home/normal/checkout/gpuocelot/tests/cuda2.1/MatrixMultiply 
INFO     Test /home/normal/checkout/gpuocelot/tests/cuda2.1/Reduction
INFO     Test completed in 1.08752799034 seconds
INFO      It produced the following output:
Reducing array of type int.
Using Device 0: "Ocelot LLVM JIT-Compiler"
1048576 elements
128 threads (max)
64 blocks
Average time: 145.406998 ms
Bandwidth:    0.028845 GB/s

GPU result = 133784454
CPU result = 133784454
TEST PASSED

Press ENTER to exit...

INFO     Running test program /home/normal/checkout/gpuocelot/tests/cuda2.1/Sequence 
INFO     Test /home/normal/checkout/gpuocelot/tests/cuda2.1/Sequence
INFO     Test completed in 0.0823459625244 seconds
INFO      It produced the following output:
Simple Sequence: 1 3 5 7 9 11 13 15 17 19 21 
K Sequence     : 1 3 5 7 9 11 13 15 17 19 21 
KN Sequence     : 1 2 3 4 5 6 7 8 9 10 11 23 24 25 26 27 28 29 30 31 32 33 45 46 47 48 49 50 51 52 53 54 55 67 68 69 70 71 72 73 74 75 76 77 89 90 91 92 93 94 95 96 97 98 99 111 112 113 114 115 116 117 118 119 120 121 133 134 135 136 137 138 139 140 141 142 143 155 156 157 158 159 160 161 162 163 164 165 177 178 179 180 181 182 183 184 185 186 187 199 200 201 202 203 204 205 206 207 208 209 221 222 223 224 225 226 227 228 229 230 231 
Pass/Fail : Pass

INFO     Running test program /home/normal/checkout/gpuocelot/tests/cuda2.1/SimplerFFT 
INFO     Test /home/normal/checkout/gpuocelot/tests/cuda2.1/MatrixMultiply
INFO     Test completed in 1.46355009079 seconds
INFO      It produced the following output:
Matrix multiplication example
fill_matrix called ..
  C_gpu = 0x0x2b1eb70
fill_matrix returned
matrix_multiply returned
Pass/Fail : Pass
PASS - matrix product correct
(64x64) * (64x64) in 0.539400 ms - 0.971984 GFLOP/s

INFO     Running test program /home/normal/checkout/gpuocelot/tests/cuda2.1/FastWalshTransform 
INFO     Test /home/normal/checkout/gpuocelot/tests/cuda2.1/SimplerFFT
INFO     Test completed in 9.01174092293 seconds
INFO      It produced the following output:
While deleting: float (float)* %sinf
An asserting value handle still pointed to this value!
UNREACHABLE executed at Value.cpp:505!
TEST PASSED
2^10 FFT size passed

INFO     Running test program /home/normal/checkout/gpuocelot/tests/cuda2.1/ConvolutionSeparable 
INFO     Test /home/normal/checkout/gpuocelot/tests/cuda2.1/FastWalshTransform
INFO     Test completed in 10.440983057 seconds
INFO      It produced the following output:
Initializing data...
...allocating CPU memory
...allocating GPU memory
...generating data
Data length: 8388608; kernel length: 128
Running GPU dyadic convolution using Fast Walsh Transform...
GPU time: 7460.555176 ms; GOP/s: 0.038792
Reading back GPU results...
Running straightforward CPU dyadic convolution...
Comparing the results...
L2 norm: 1.021579E-07
TEST PASSED
Shutting down...

Press ENTER to exit...

INFO     Running test program /home/normal/checkout/gpuocelot/tests/cuda2.1/SimpleAtomicIntrinsics 
INFO     Test /home/normal/checkout/gpuocelot/tests/cuda2.1/SimpleAtomicIntrinsics
INFO     Test completed in 0.0482342243195 seconds
INFO      It produced the following output:
terminate called after throwing an instance of 'hydrazine::Exception'
  what():  LLVM Parser failed: _Z10testKernelPi: <string>:50:27: error: expected value token
	%r2 = call i32 @atom(i32 , i32 , i64 %r0, i32 %r1);
	                         ^

Using Device 0: "Ocelot LLVM JIT-Compiler"

INFO     Running test program /home/normal/checkout/gpuocelot/tests/cuda2.1/Template 
INFO     Test /home/normal/checkout/gpuocelot/tests/cuda2.1/Template
INFO     Test completed in 0.0518980026245 seconds
INFO      It produced the following output:
Processing time: 22.471001 (ms)
Test PASSED

Press ENTER to exit...

INFO     Running test program /home/normal/checkout/gpuocelot/tests/cuda2.1/SimpleTemplates 
INFO     Test /home/normal/checkout/gpuocelot/tests/cuda2.1/SimpleTemplates
INFO     Test completed in 0.0882139205933 seconds
INFO      It produced the following output:
Processing time: 22.688000 (ms)
Test PASSED
Processing time: 19.035000 (ms)
Test PASSED

Press ENTER to exit...

INFO     Running test program /home/normal/checkout/gpuocelot/tests/cuda2.1/Dxtc 
INFO     Test /home/normal/checkout/gpuocelot/tests/cuda2.1/Dxtc
INFO     Test completed in 0.520512104034 seconds
INFO      It produced the following output:
Time 393.390991 msec
Error at (0, 0):	2442.479248 rms
Error at (1, 0):	8642.166992 rms
Error at (2, 0):	7895.104004 rms
Error at (3, 0):	2788.250000 rms
Error at (4, 0):	7293.604004 rms
Error at (5, 0):	2305.250000 rms
Error at (6, 0):	4681.791504 rms
Error at (7, 0):	4765.645996 rms
Error at (0, 1):	5674.645996 rms
Error at (1, 1):	10464.625000 rms
Error at (2, 1):	27523.312500 rms
Error at (3, 1):	26137.833984 rms
Error at (4, 1):	26106.958984 rms
Error at (5, 1):	25544.896484 rms
Error at (6, 1):	25741.541016 rms
Error at (7, 1):	25846.375000 rms
Error at (0, 2):	26092.250000 rms
Error at (1, 2):	26715.416016 rms
Error at (2, 2):	27139.958984 rms
Error at (3, 2):	26592.375000 rms
Error at (4, 2):	26344.958984 rms
Error at (5, 2):	26260.041016 rms
Error at (6, 2):	25573.500000 rms
Error at (7, 2):	25515.166016 rms
Error at (0, 3):	26978.000000 rms
Error at (1, 3):	26600.500000 rms
Error at (2, 3):	26517.750000 rms
Error at (3, 3):	26481.728516 rms
Error at (4, 3):	26551.728516 rms
Error at (5, 3):	26168.562500 rms
Error at (6, 3):	25621.646484 rms
Error at (7, 3):	26015.916016 rms
Error at (0, 4):	26542.103516 rms
Error at (1, 4):	25906.000000 rms
Error at (2, 4):	26576.666016 rms
Error at (3, 4):	26630.521484 rms
Error at (4, 4):	26686.791016 rms
Error at (5, 4):	26526.833984 rms
Error at (6, 4):	25633.646484 rms
Error at (7, 4):	27093.562500 rms
Error at (0, 5):	26316.521484 rms
Error at (1, 5):	26476.958984 rms
Error at (2, 5):	26635.333984 rms
Error at (3, 5):	26916.416016 rms
Error at (4, 5):	27049.500000 rms
Error at (5, 5):	26486.916016 rms
Error at (6, 5):	25657.646484 rms
Error at (7, 5):	27400.791016 rms
Error at (0, 6):	26089.333984 rms
Error at (1, 6):	26808.083984 rms
Error at (2, 6):	27708.125000 rms
Error at (3, 6):	27546.687500 rms
Error at (4, 6):	27193.521484 rms
Error at (5, 6):	26939.062500 rms
Error at (6, 6):	27216.271484 rms
Error at (7, 6):	28878.208984 rms
Error at (0, 7):	26963.833984 rms
Error at (1, 7):	26886.062500 rms
Error at (2, 7):	27673.333984 rms
Error at (3, 7):	27537.333984 rms
Error at (4, 7):	27405.603516 rms
Error at (5, 7):	27755.291016 rms
Error at (6, 7):	28814.500000 rms
Error at (7, 7):	29332.728516 rms
RMS(reference, result) = 23442.314453
Test FAILED

Press ENTER to exit...

INFO     Running test program /home/normal/checkout/gpuocelot/tests/cuda2.1/DwtHaar1D 
INFO     Test /home/normal/checkout/gpuocelot/tests/cuda2.1/DwtHaar1D
INFO     Test completed in 0.125646114349 seconds
INFO      It produced the following output:
Reading signal from data/signal.dat
Reading reference result from data/regression.gold.dat
Test PASSED

Press ENTER to exit...

INFO     Running test program /home/normal/checkout/gpuocelot/tests/cuda2.1/Eigenvalues 
INFO     Test /home/normal/checkout/gpuocelot/tests/cuda2.1/Eigenvalues
INFO     Test completed in 1.07271289825 seconds
INFO      It produced the following output:
terminate called after throwing an instance of 'hydrazine::Exception'
  what():  LLVM Parser failed: _Z17bisectKernelLargePfS_jffjjfPjS0_S_S_S0_S_S_S0_S0_S0_S0_: <string>:1136:20: error: fcmp requires floating point operands
	%rt429 = fcmp oge i32 %r494, 0;
	                  ^

Matrix size: 2048 x 2048
Precision: 0.000010
Iterations to be timed: 1
Result filename: 'eigenvalues.dat'
Gerschgorin interval: -2.894310 / 2.923303

INFO     Running test program /home/normal/checkout/gpuocelot/tests/cuda2.1/PostProcessGL 
INFO     Test /home/normal/checkout/gpuocelot/tests/cuda2.1/PostProcessGL
INFO     Test completed in 0.442107915878 seconds
INFO      It produced the following output:
Using device 0: Ocelot LLVM JIT-Compiler
TEST PASSED
==Ocelot== Open GL Buffer Error.
==Ocelot==  Never unregistered buffer 1
==Ocelot== Open GL Buffer Error.
==Ocelot==  Never unregistered buffer 2

INFO     Running test program /home/normal/checkout/gpuocelot/tests/cuda2.1/BinomialOptions 
INFO     Test /home/normal/checkout/gpuocelot/tests/cuda2.1/ConvolutionSeparable
INFO     Test completed in 5.37318086624 seconds
INFO      It produced the following output:
3072 x 3072
Initializing data...
Warm up...
GPU convolution...
GPU convolution time : 1709.218018 msec //5.521346 Mpixels/sec
Reading back GPU results...
Checking the results...
...running convolutionRowCPU()
...running convolutionColumnCPU()
...comparing the results
L1 norm: 6.360504E-08
TEST PASSED
Shutting down...

Press ENTER to exit...

INFO     Test /home/normal/checkout/gpuocelot/tests/cuda2.1/SimpleCUBLAS
INFO     Test completed in 26.4566090107 seconds
INFO      It produced the following output:
While deleting: void (float*, { { i16, i16, i16 }, { i16, i16, i16 }, { i16, i16, i16 }, { i16, i16, i16 }, i8*, i8*, i8*, i8*, i64, i64, i64, i64, i8* }*, i32, i32)* %__ocelot_tex_1d_fu
An asserting value handle still pointed to this value!
UNREACHABLE executed at Value.cpp:505!
simpleCUBLAS test running..
GPU error norm was 0.000000
Test PASSED

Press ENTER to exit...

INFO     Test /home/normal/checkout/gpuocelot/tests/cuda2.1/BinomialOptions
INFO     Test completed in 1.41821718216 seconds
INFO      It produced the following output:
Using device 0: Ocelot LLVM JIT-Compiler
Using single precision...
Generating input data...
Running GPU binomial tree...
Options count            : 4     
Time steps               : 2048     
binomialOptionsGPU() time: 1152.661987 msec
Options per second       : 3.470228     
Running CPU binomial tree...
Comparing the results...
GPU binomial vs. Black-Scholes
L1 norm: 1.432732E-02
CPU binomial vs. Black-Scholes
L1 norm: 1.434418E-02
CPU binomial vs. GPU binomial
L1 norm: 1.710677E-05
TEST PASSED
Shutting down...

Press ENTER to exit...
While deleting: float (float)* %ex2
An asserting value handle still pointed to this value!
UNREACHABLE executed at Value.cpp:505!

INFO     Test /home/normal/checkout/gpuocelot/tests/cuda2.1/ConvolutionTexture
INFO     Test completed in 165.392956972 seconds
INFO      It produced the following output:
Initializing data...
convolutionRowGPU()
...convolutionRowGPU() time: 84032.570312 msecs; //0.112304 Mpix/s
Copying convolutionRowGPU() output back to a_Data...
...cudaMemcpyToArray() time: 11.240000 msecs; //839.607135 Mpix/s
convolutionColumnGPU()...
...convolutionColumnGPU() time: 79763.593750 msecs; //0.118314 Mpix/s
Reading back GPU results...
Checking GPU results...
...convolutionRowCPU()
...convolutionColumnCPU()
...comparing the results
L1 norm: 6.362735E-08
TEST PASSED
Shutting down...

Press ENTER to exit...
While deleting: void (float*, { { i16, i16, i16 }, { i16, i16, i16 }, { i16, i16, i16 }, { i16, i16, i16 }, i8*, i8*, i8*, i8*, i64, i64, i64, i64, i8* }*, i32, float, float)* %__ocelot_tex_2d_ff
An asserting value handle still pointed to this value!
UNREACHABLE executed at Value.cpp:505!

INFO     
Passing tests:
 (0.082s) : /home/normal/checkout/gpuocelot/tests/cuda2.1/Sequence : Passed
 (1.088s) : /home/normal/checkout/gpuocelot/tests/cuda2.1/Reduction : Passed
 (0.514s) : /home/normal/checkout/gpuocelot/tests/cuda2.1/Histogram256 : Passed
 (0.741s) : /home/normal/checkout/gpuocelot/tests/cuda2.1/AsyncAPI : Passed
 (50.131s) : /home/normal/checkout/gpuocelot/tests/cuda2.1/VolumeRender : Passed
 (0.429s) : /home/normal/checkout/gpuocelot/tests/cuda2.1/Scan : Passed
 (0.400s) : /home/normal/checkout/gpuocelot/tests/cuda2.1/AlignedTypes : Passed
 (11.375s) : /home/normal/checkout/gpuocelot/tests/cuda2.1/FluidsGL : Passed
 (10.921s) : /home/normal/checkout/gpuocelot/tests/cuda2.1/ImageDenoising : Passed
 (0.627s) : /home/normal/checkout/gpuocelot/tests/cuda2.1/ScalarProd : Passed
 (21.430s) : /home/normal/checkout/gpuocelot/tests/cuda2.1/SimpleMultiGPU : Passed
 (0.126s) : /home/normal/checkout/gpuocelot/tests/cuda2.1/DwtHaar1D : Passed
 (8.136s) : /home/normal/checkout/gpuocelot/tests/cuda2.1/SimpleCUFFT : Passed
 (0.052s) : /home/normal/checkout/gpuocelot/tests/cuda2.1/Template : Passed
 (1.418s) : /home/normal/checkout/gpuocelot/tests/cuda2.1/BinomialOptions : Passed
 (0.442s) : /home/normal/checkout/gpuocelot/tests/cuda2.1/PostProcessGL : Passed
 (7.166s) : /home/normal/checkout/gpuocelot/tests/cuda2.1/SobelFilter : Passed
 (0.081s) : /home/normal/checkout/gpuocelot/tests/cuda2.1/Bitonic : Passed
 (2.252s) : /home/normal/checkout/gpuocelot/tests/cuda2.1/BicubicTexture : Passed
 (9.012s) : /home/normal/checkout/gpuocelot/tests/cuda2.1/SimplerFFT : Passed
 (0.356s) : /home/normal/checkout/gpuocelot/tests/cuda2.1/SimpleGL : Passed
 (0.305s) : /home/normal/checkout/gpuocelot/tests/cuda2.1/CppIntegration : Passed
 (8.377s) : /home/normal/checkout/gpuocelot/tests/cuda2.1/OceanFFT : Passed
 (0.457s) : /home/normal/checkout/gpuocelot/tests/cuda2.1/Transpose : Passed
 (5.373s) : /home/normal/checkout/gpuocelot/tests/cuda2.1/ConvolutionSeparable : Passed
 (0.967s) : /home/normal/checkout/gpuocelot/tests/cuda2.1/BoxFilter : Passed
 (0.568s) : /home/normal/checkout/gpuocelot/tests/cuda2.1/Histogram64 : Passed
 (3.460s) : /home/normal/checkout/gpuocelot/tests/cuda2.1/BlackScholes : Passed
 (10.441s) : /home/normal/checkout/gpuocelot/tests/cuda2.1/FastWalshTransform : Passed
 (1.181s) : /home/normal/checkout/gpuocelot/tests/cuda2.1/BandwidthTest : Passed
 (12.508s) : /home/normal/checkout/gpuocelot/tests/cuda2.1/ConvolutionFFT2D : Passed
 (1.464s) : /home/normal/checkout/gpuocelot/tests/cuda2.1/MatrixMultiply : Passed
 (26.457s) : /home/normal/checkout/gpuocelot/tests/cuda2.1/SimpleCUBLAS : Passed
 (0.088s) : /home/normal/checkout/gpuocelot/tests/cuda2.1/SimpleTemplates : Passed
 (1.621s) : /home/normal/checkout/gpuocelot/tests/cuda2.1/SimpleTexture3D : Passed
 (2.220s) : /home/normal/checkout/gpuocelot/tests/cuda2.1/SimpleTexture : Passed
 (165.393s) : /home/normal/checkout/gpuocelot/tests/cuda2.1/ConvolutionTexture : Passed
 (1.054s) : /home/normal/checkout/gpuocelot/tests/cuda2.1/MersenneTwister : Passed
 (1.015s) : /home/normal/checkout/gpuocelot/tests/cuda2.1/SimpleStreams : Passed
 (0.514s) : /home/normal/checkout/gpuocelot/tests/cuda2.1/ScanLargeArray : Passed
 (0.034s) : /home/normal/checkout/gpuocelot/tests/cuda2.1/DeviceQuery : Passed
 (0.141s) : /home/normal/checkout/gpuocelot/tests/cuda2.1/MatrixMul : Passed
 (0.510s) : /home/normal/checkout/gpuocelot/tests/cuda2.1/RecursiveGaussian : Passed
 (0.453s) : /home/normal/checkout/gpuocelot/tests/cuda2.1/Nbody : Passed
 (1.958s) : /home/normal/checkout/gpuocelot/tests/cuda2.1/QuasirandomGenerator : Passed
 (2.477s) : /home/normal/checkout/gpuocelot/tests/cuda2.1/Particles : Passed
 (0.105s) : /home/normal/checkout/gpuocelot/tests/cuda2.1/Clock : Passed

Failing tests:
 (3.429s) : /home/normal/checkout/gpuocelot/tests/cuda2.1/Dct8x8 : Failed
 (4.076s) : /home/normal/checkout/gpuocelot/tests/cuda2.1/MonteCarloMultiGPU : Failed
 (2.114s) : /home/normal/checkout/gpuocelot/tests/cuda2.1/CapModel3 : Did not complete.
 (0.048s) : /home/normal/checkout/gpuocelot/tests/cuda2.1/SimpleAtomicIntrinsics : Did not complete.
 (0.111s) : /home/normal/checkout/gpuocelot/tests/cuda2.1/SimpleVoteIntrinsics : Did not complete.
 (1.073s) : /home/normal/checkout/gpuocelot/tests/cuda2.1/Eigenvalues : Did not complete.
 (0.587s) : /home/normal/checkout/gpuocelot/tests/cuda2.1/Mandelbrot : Did not complete.
 (4.890s) : /home/normal/checkout/gpuocelot/tests/cuda2.1/MonteCarlo : Failed
 (0.521s) : /home/normal/checkout/gpuocelot/tests/cuda2.1/Dxtc : Failed

Non-Existent tests:

