INFO     Reading in test file /home/andrew/repositories/gpuocelot/trunk/ocelot/regression/full.level
INFO      Found the following tests:
INFO       /home/andrew/repositories/gpuocelot/trunk/ocelot/.release_build/TestLexer
INFO       /home/andrew/repositories/gpuocelot/trunk/ocelot/.release_build/TestParser
INFO       /home/andrew/repositories/gpuocelot/trunk/ocelot/.release_build/TestEmulator
INFO       /home/andrew/repositories/gpuocelot/trunk/ocelot/.release_build/TestInstructions
INFO       /home/andrew/repositories/gpuocelot/trunk/ocelot/.release_build/TestKernels
INFO       /home/andrew/repositories/gpuocelot/trunk/ocelot/.release_build/TestDataflowGraph
INFO       /home/andrew/repositories/gpuocelot/trunk/ocelot/.release_build/TestLLVMInstructions
INFO       /home/andrew/repositories/gpuocelot/trunk/ocelot/.release_build/TestPTXToLLVMTranslator
INFO       /home/andrew/repositories/gpuocelot/trunk/ocelot/.release_build/TestLLVMKernels
INFO       /home/andrew/repositories/gpuocelot/trunk/ocelot/.release_build/TestCudaMalloc
INFO       /home/andrew/repositories/gpuocelot/trunk/ocelot/.release_build/TestCudaTexture2D
INFO       /home/andrew/repositories/gpuocelot/trunk/ocelot/.release_build/TestCudaTextureArray
INFO       /home/andrew/repositories/gpuocelot/trunk/ocelot/.release_build/TestCudaGlobals
INFO       /home/andrew/repositories/gpuocelot/trunk/ocelot/.release_build/TestDeviceSwitching
INFO       /home/andrew/repositories/gpuocelot/trunk/ocelot/.release_build/TestCudaSequence
INFO       /home/andrew/repositories/gpuocelot/trunk/ocelot/.release_build/TestCalVectorScale
INFO       /home/andrew/repositories/gpuocelot/trunk/ocelot/.release_build/TestPTXAssembly
INFO       /home/andrew/repositories/gpuocelot/trunk/ocelot/.release_build/TestFunctionCall
INFO       /home/andrew/repositories/gpuocelot/trunk/ocelot/.release_build/TestIndirectFunctionCall
INFO       /home/andrew/repositories/gpuocelot/trunk/ocelot/.release_build/TestExternalFunctions
INFO     ==== INDIVIDUAL TEST RESULTS ====

INFO     Running test program /home/andrew/repositories/gpuocelot/trunk/ocelot/.release_build/TestCudaGlobals 
INFO     Running test program /home/andrew/repositories/gpuocelot/trunk/ocelot/.release_build/TestCudaSequence 
INFO     Running test program /home/andrew/repositories/gpuocelot/trunk/ocelot/.release_build/TestPTXToLLVMTranslator -i ../tests/ptx 
INFO     Test /home/andrew/repositories/gpuocelot/trunk/ocelot/.release_build/TestCudaGlobals
INFO     Test completed in 0.00238609313965 seconds
INFO      It produced the following output:
/home/andrew/repositories/gpuocelot/trunk/ocelot/.release_build/TestCudaGlobals: error while loading shared libraries: libocelot.so: cannot open shared object file: No such file or directory

INFO     Test /home/andrew/repositories/gpuocelot/trunk/ocelot/.release_build/TestCudaSequence
INFO     Test completed in 0.00261211395264 seconds
INFO      It produced the following output:
/home/andrew/repositories/gpuocelot/trunk/ocelot/.release_build/TestCudaSequence: error while loading shared libraries: libocelot.so: cannot open shared object file: No such file or directory

INFO     Running test program /home/andrew/repositories/gpuocelot/trunk/ocelot/.release_build/TestLexer -i ../tests/ptx 
INFO     Test /home/andrew/repositories/gpuocelot/trunk/ocelot/.release_build/TestPTXToLLVMTranslator
INFO     Test completed in 0.00190997123718 seconds
INFO      It produced the following output:
/home/andrew/repositories/gpuocelot/trunk/ocelot/.release_build/TestPTXToLLVMTranslator: error while loading shared libraries: libocelot.so: cannot open shared object file: No such file or directory

INFO     Running test program /home/andrew/repositories/gpuocelot/trunk/ocelot/.release_build/TestCudaTextureArray 
INFO     Running test program /home/andrew/repositories/gpuocelot/trunk/ocelot/.release_build/TestIndirectFunctionCall 
INFO     Test /home/andrew/repositories/gpuocelot/trunk/ocelot/.release_build/TestLexer
INFO     Test completed in 0.00194096565247 seconds
INFO      It produced the following output:
/home/andrew/repositories/gpuocelot/trunk/ocelot/.release_build/TestLexer: error while loading shared libraries: libocelot.so: cannot open shared object file: No such file or directory

INFO     Running test program /home/andrew/repositories/gpuocelot/trunk/ocelot/.release_build/TestKernels 
INFO     Running test program /home/andrew/repositories/gpuocelot/trunk/ocelot/.release_build/TestCalVectorScale 
INFO     Test /home/andrew/repositories/gpuocelot/trunk/ocelot/.release_build/TestIndirectFunctionCall
INFO     Test completed in 0.00260496139526 seconds
INFO      It produced the following output:
/home/andrew/repositories/gpuocelot/trunk/ocelot/.release_build/TestIndirectFunctionCall: error while loading shared libraries: libocelot.so: cannot open shared object file: No such file or directory

INFO     Test /home/andrew/repositories/gpuocelot/trunk/ocelot/.release_build/TestKernels
INFO     Test completed in 0.00208902359009 seconds
INFO      It produced the following output:
/home/andrew/repositories/gpuocelot/trunk/ocelot/.release_build/TestKernels: error while loading shared libraries: libocelot.so: cannot open shared object file: No such file or directory

INFO     Running test program /home/andrew/repositories/gpuocelot/trunk/ocelot/.release_build/TestLLVMKernels 
INFO     Running test program /home/andrew/repositories/gpuocelot/trunk/ocelot/.release_build/TestParser -i ../tests/ptx 
INFO     Test /home/andrew/repositories/gpuocelot/trunk/ocelot/.release_build/TestLLVMKernels
INFO     Test completed in 0.00176501274109 seconds
INFO      It produced the following output:
/home/andrew/repositories/gpuocelot/trunk/ocelot/.release_build/TestLLVMKernels: error while loading shared libraries: libocelot.so: cannot open shared object file: No such file or directory

INFO     Test /home/andrew/repositories/gpuocelot/trunk/ocelot/.release_build/TestCalVectorScale
INFO     Test completed in 0.00384092330933 seconds
INFO      It produced the following output:
/home/andrew/repositories/gpuocelot/trunk/ocelot/.release_build/TestCalVectorScale: error while loading shared libraries: libocelot.so: cannot open shared object file: No such file or directory

INFO     Running test program /home/andrew/repositories/gpuocelot/trunk/ocelot/.release_build/TestExternalFunctions 
INFO     Running test program /home/andrew/repositories/gpuocelot/trunk/ocelot/.release_build/TestCudaMalloc 
INFO     Test /home/andrew/repositories/gpuocelot/trunk/ocelot/.release_build/TestParser
INFO     Test completed in 0.00235390663147 seconds
INFO      It produced the following output:
/home/andrew/repositories/gpuocelot/trunk/ocelot/.release_build/TestParser: error while loading shared libraries: libocelot.so: cannot open shared object file: No such file or directory

INFO     Test /home/andrew/repositories/gpuocelot/trunk/ocelot/.release_build/TestCudaTextureArray
INFO     Test completed in 0.00773000717163 seconds
INFO      It produced the following output:
/home/andrew/repositories/gpuocelot/trunk/ocelot/.release_build/TestCudaTextureArray: error while loading shared libraries: libocelot.so: cannot open shared object file: No such file or directory

INFO     Running test program /home/andrew/repositories/gpuocelot/trunk/ocelot/.release_build/TestPTXAssembly 
INFO     Test /home/andrew/repositories/gpuocelot/trunk/ocelot/.release_build/TestExternalFunctions
INFO     Test completed in 0.0021800994873 seconds
INFO      It produced the following output:
/home/andrew/repositories/gpuocelot/trunk/ocelot/.release_build/TestExternalFunctions: error while loading shared libraries: libocelot.so: cannot open shared object file: No such file or directory

INFO     Test /home/andrew/repositories/gpuocelot/trunk/ocelot/.release_build/TestCudaMalloc
INFO     Test completed in 0.00200700759888 seconds
INFO      It produced the following output:
/home/andrew/repositories/gpuocelot/trunk/ocelot/.release_build/TestCudaMalloc: error while loading shared libraries: libocelot.so: cannot open shared object file: No such file or directory

INFO     Running test program /home/andrew/repositories/gpuocelot/trunk/ocelot/.release_build/TestDeviceSwitching 
INFO     Running test program /home/andrew/repositories/gpuocelot/trunk/ocelot/.release_build/TestEmulator 
INFO     Running test program /home/andrew/repositories/gpuocelot/trunk/ocelot/.release_build/TestDataflowGraph -i ../tests/ptx 
INFO     Test /home/andrew/repositories/gpuocelot/trunk/ocelot/.release_build/TestPTXAssembly
INFO     Test completed in 0.00283598899841 seconds
INFO      It produced the following output:
/home/andrew/repositories/gpuocelot/trunk/ocelot/.release_build/TestPTXAssembly: error while loading shared libraries: libocelot.so: cannot open shared object file: No such file or directory

INFO     Running test program /home/andrew/repositories/gpuocelot/trunk/ocelot/.release_build/TestLLVMInstructions 
INFO     Test /home/andrew/repositories/gpuocelot/trunk/ocelot/.release_build/TestDeviceSwitching
INFO     Test completed in 0.00240993499756 seconds
INFO      It produced the following output:
/home/andrew/repositories/gpuocelot/trunk/ocelot/.release_build/TestDeviceSwitching: error while loading shared libraries: libocelot.so: cannot open shared object file: No such file or directory

INFO     Test /home/andrew/repositories/gpuocelot/trunk/ocelot/.release_build/TestEmulator
INFO     Test completed in 0.0024881362915 seconds
INFO      It produced the following output:
/home/andrew/repositories/gpuocelot/trunk/ocelot/.release_build/TestEmulator: error while loading shared libraries: libocelot.so: cannot open shared object file: No such file or directory

INFO     Test /home/andrew/repositories/gpuocelot/trunk/ocelot/.release_build/TestDataflowGraph
INFO     Test completed in 0.00181698799133 seconds
INFO      It produced the following output:
/home/andrew/repositories/gpuocelot/trunk/ocelot/.release_build/TestDataflowGraph: error while loading shared libraries: libocelot.so: cannot open shared object file: No such file or directory

INFO     Running test program /home/andrew/repositories/gpuocelot/trunk/ocelot/.release_build/TestFunctionCall 
INFO     Running test program /home/andrew/repositories/gpuocelot/trunk/ocelot/.release_build/TestCudaTexture2D 
INFO     Test /home/andrew/repositories/gpuocelot/trunk/ocelot/.release_build/TestLLVMInstructions
INFO     Test completed in 0.00265192985535 seconds
INFO      It produced the following output:
/home/andrew/repositories/gpuocelot/trunk/ocelot/.release_build/TestLLVMInstructions: error while loading shared libraries: libocelot.so: cannot open shared object file: No such file or directory

INFO     Running test program /home/andrew/repositories/gpuocelot/trunk/ocelot/.release_build/TestInstructions 
INFO     Test /home/andrew/repositories/gpuocelot/trunk/ocelot/.release_build/TestFunctionCall
INFO     Test completed in 0.00216197967529 seconds
INFO      It produced the following output:
/home/andrew/repositories/gpuocelot/trunk/ocelot/.release_build/TestFunctionCall: error while loading shared libraries: libocelot.so: cannot open shared object file: No such file or directory

INFO     Test /home/andrew/repositories/gpuocelot/trunk/ocelot/.release_build/TestCudaTexture2D
INFO     Test completed in 0.00224494934082 seconds
INFO      It produced the following output:
/home/andrew/repositories/gpuocelot/trunk/ocelot/.release_build/TestCudaTexture2D: error while loading shared libraries: libocelot.so: cannot open shared object file: No such file or directory

INFO     Test /home/andrew/repositories/gpuocelot/trunk/ocelot/.release_build/TestInstructions
INFO     Test completed in 0.00162696838379 seconds
INFO      It produced the following output:
/home/andrew/repositories/gpuocelot/trunk/ocelot/.release_build/TestInstructions: error while loading shared libraries: libocelot.so: cannot open shared object file: No such file or directory

INFO     
Passing tests:

Failing tests:
 (0.002s) : /home/andrew/repositories/gpuocelot/trunk/ocelot/.release_build/TestCudaGlobals : Did not complete.
 (0.002s) : /home/andrew/repositories/gpuocelot/trunk/ocelot/.release_build/TestEmulator : Did not complete.
 (0.002s) : /home/andrew/repositories/gpuocelot/trunk/ocelot/.release_build/TestParser : Did not complete.
 (0.004s) : /home/andrew/repositories/gpuocelot/trunk/ocelot/.release_build/TestCalVectorScale : Did not complete.
 (0.002s) : /home/andrew/repositories/gpuocelot/trunk/ocelot/.release_build/TestDataflowGraph : Did not complete.
 (0.003s) : /home/andrew/repositories/gpuocelot/trunk/ocelot/.release_build/TestCudaSequence : Did not complete.
 (0.002s) : /home/andrew/repositories/gpuocelot/trunk/ocelot/.release_build/TestLexer : Did not complete.
 (0.003s) : /home/andrew/repositories/gpuocelot/trunk/ocelot/.release_build/TestPTXAssembly : Did not complete.
 (0.002s) : /home/andrew/repositories/gpuocelot/trunk/ocelot/.release_build/TestExternalFunctions : Did not complete.
 (0.002s) : /home/andrew/repositories/gpuocelot/trunk/ocelot/.release_build/TestInstructions : Did not complete.
 (0.002s) : /home/andrew/repositories/gpuocelot/trunk/ocelot/.release_build/TestFunctionCall : Did not complete.
 (0.003s) : /home/andrew/repositories/gpuocelot/trunk/ocelot/.release_build/TestIndirectFunctionCall : Did not complete.
 (0.002s) : /home/andrew/repositories/gpuocelot/trunk/ocelot/.release_build/TestCudaMalloc : Did not complete.
 (0.002s) : /home/andrew/repositories/gpuocelot/trunk/ocelot/.release_build/TestCudaTexture2D : Did not complete.
 (0.002s) : /home/andrew/repositories/gpuocelot/trunk/ocelot/.release_build/TestDeviceSwitching : Did not complete.
 (0.008s) : /home/andrew/repositories/gpuocelot/trunk/ocelot/.release_build/TestCudaTextureArray : Did not complete.
 (0.002s) : /home/andrew/repositories/gpuocelot/trunk/ocelot/.release_build/TestLLVMKernels : Did not complete.
 (0.002s) : /home/andrew/repositories/gpuocelot/trunk/ocelot/.release_build/TestKernels : Did not complete.
 (0.003s) : /home/andrew/repositories/gpuocelot/trunk/ocelot/.release_build/TestLLVMInstructions : Did not complete.
 (0.002s) : /home/andrew/repositories/gpuocelot/trunk/ocelot/.release_build/TestPTXToLLVMTranslator : Did not complete.

